18:36:27 | INFO     | ============================================================
18:36:27 | INFO     | AW8 PAYMENT GATEWAY TEST STARTING...
18:36:27 | INFO     | STARTING TIME: 28-11-2025 17:36:27 GMT+7
18:36:27 | INFO     | ============================================================
18:36:29 | INFO     | LOGIN PROCESS - OPENING WEBSITE: https://www.aw8game.online/en-th
18:36:31 | INFO     | LOGIN PROCESS - PAGE LOADED SUCCESSFULLY
18:36:43 | INFO     | LOGIN PROCESS - NOTIFICATION OVER 18 YEARS OLD ARE CLOSED
18:36:44 | INFO     | LOGIN PROCESS - LOGIN BUTTON ARE CLICKED
18:36:44 | INFO     | LOGIN PROCESS -  Account BUTTON ARE CLICKED
18:36:44 | INFO     | LOGIN PROCESS - USERNAME TEXTBOX ARE CLICKED
18:36:44 | INFO     | LOGIN PROCESS - USERNAME DONE KEYED
18:36:44 | INFO     | LOGIN PROCESS - PASSWORD TEXTBOX ARE CLICKED
18:36:44 | INFO     | LOGIN PROCESS - PASSWORD DONE KEYED
18:36:44 | INFO     | LOGIN PROCESS - LOGIN BUTTON ARE CLICKED
18:36:45 | INFO     | LOGIN PROCESS - DEPOSIT BUTTON ARE CLICKED
18:36:47 | INFO     | PERFORM PAYMENT GATEWAY TEST - DEPOSIT METHOD [ธนาคารออนไลน์] BUTTON ARE CLICKED
18:36:47 | INFO     | URL AFTER DEPOSIT METHOD [ธนาคารออนไลน์] BUTTON CLICK: [https://www.aw8game.online/en-th/deposit]
18:36:47 | INFO     | FOUND [1] DEPOSIT CHANNEL FOR DEPOSIT METHOD [ธนาคารออนไลน์]
18:36:47 | INFO     | DEPOSIT CHANNEL [GLOBALPAY] 
18:36:47 | INFO     | PERFORM PAYMENT GATEWAY TEST - DEPOSIT CHANNEL [GLOBALPAY] BUTTON ARE CLICKED
18:36:47 | INFO     | MONEY INPUT RANGE AMOUNT: [Deposit Amount
฿ 101
 - 
฿ 50,000]
18:36:47 | INFO     | MINIMUM INPUT AMOUNT TO TEST: [101]
18:36:47 | INFO     | PERFORM PAYMENT GATEWAY TEST - MIN AMOUNT [101] ARE KEYED IN
18:36:47 | INFO     | URL JUMP CHECK - เติมเงิน/DEPOSIT TOP UP BUTTON ARE CLICKED
18:36:57 | INFO     | NO NAVIGATION HAPPENED, STAYS ON SAME PAGE [https://www.aw8game.online/en-th/deposit]
18:37:00 | INFO     | No IFRAME/POP UP APPEARED
18:37:31 | INFO     | CHECK TOAST - DEPOSIT METHOD [ธนาคารออนไลน์] BUTTON ARE CLICKED
18:37:31 | INFO     | CHECK TOAST - DEPOSIT CHANNEL [GLOBALPAY] BUTTON ARE CLICKED
18:37:31 | INFO     | CHECK TOAST - MIN AMOUNT [101] ARE KEYED IN
18:37:31 | INFO     | CHECK TOAST - เติมเงิน/DEPOSIT TOP UP BUTTON ARE CLICKED
18:37:33 | INFO     | DEPOSIT METHOD:GLOBALPAY, DEPOSIT CHANNEL:ธนาคารออนไลน์ GOT PROBLEM. DETAILS:[No available channel.]
18:37:33 | INFO     | TOAST DETECTED
18:37:33 | INFO     | PERFORM PAYMENT GATEWAY TEST - DEPOSIT METHOD [เติมเงินผ่าน QR] BUTTON ARE CLICKED
18:37:33 | INFO     | URL AFTER DEPOSIT METHOD [เติมเงินผ่าน QR] BUTTON CLICK: [https://www.aw8game.online/en-th/deposit]
18:37:33 | INFO     | FOUND [2] DEPOSIT CHANNEL FOR DEPOSIT METHOD [เติมเงินผ่าน QR]
18:37:33 | INFO     | DEPOSIT CHANNEL [GLOBALPAY] 
18:37:33 | INFO     | PERFORM PAYMENT GATEWAY TEST - DEPOSIT CHANNEL [GLOBALPAY] BUTTON ARE CLICKED
18:37:33 | INFO     | MONEY INPUT RANGE AMOUNT: [Deposit Amount
฿ 101
 - 
฿ 50,000]
18:37:33 | INFO     | MINIMUM INPUT AMOUNT TO TEST: [101]
18:37:33 | INFO     | PERFORM PAYMENT GATEWAY TEST - MIN AMOUNT [101] ARE KEYED IN
18:37:34 | INFO     | URL JUMP CHECK - เติมเงิน/DEPOSIT TOP UP BUTTON ARE CLICKED
18:37:43 | INFO     | NO NAVIGATION HAPPENED, STAYS ON SAME PAGE [https://www.aw8game.online/en-th/deposit]
18:37:46 | INFO     | No IFRAME/POP UP APPEARED
18:38:16 | INFO     | CHECK TOAST - DEPOSIT METHOD [เติมเงินผ่าน QR] BUTTON ARE CLICKED
18:38:16 | INFO     | CHECK TOAST - DEPOSIT CHANNEL [GLOBALPAY] BUTTON ARE CLICKED
18:38:17 | INFO     | CHECK TOAST - MIN AMOUNT [101] ARE KEYED IN
18:38:17 | INFO     | CHECK TOAST - เติมเงิน/DEPOSIT TOP UP BUTTON ARE CLICKED
18:38:18 | INFO     | DEPOSIT METHOD:GLOBALPAY, DEPOSIT CHANNEL:เติมเงินผ่าน QR GOT PROBLEM. DETAILS:[No available channel.]
18:38:18 | INFO     | TOAST DETECTED
18:38:18 | INFO     | DEPOSIT CHANNEL [QPAY] 
18:38:18 | INFO     | PERFORM PAYMENT GATEWAY TEST - DEPOSIT CHANNEL [QPAY] BUTTON ARE CLICKED
18:38:18 | INFO     | MONEY INPUT RANGE AMOUNT: [Deposit Amount
฿ 100
 - 
฿ 300,000]
18:38:18 | INFO     | MINIMUM INPUT AMOUNT TO TEST: [100]
18:38:18 | INFO     | PERFORM PAYMENT GATEWAY TEST - MIN AMOUNT [100] ARE KEYED IN
18:38:18 | INFO     | URL JUMP CHECK - เติมเงิน/DEPOSIT TOP UP BUTTON ARE CLICKED
18:38:28 | INFO     | NO NAVIGATION HAPPENED, STAYS ON SAME PAGE [https://www.aw8game.online/en-th/deposit]
18:38:31 | INFO     | No IFRAME/POP UP APPEARED
18:39:01 | INFO     | CHECK TOAST - DEPOSIT METHOD [เติมเงินผ่าน QR] BUTTON ARE CLICKED
18:39:01 | INFO     | CHECK TOAST - DEPOSIT CHANNEL [QPAY] BUTTON ARE CLICKED
18:39:02 | INFO     | CHECK TOAST - MIN AMOUNT [100] ARE KEYED IN
18:39:02 | INFO     | CHECK TOAST - เติมเงิน/DEPOSIT TOP UP BUTTON ARE CLICKED
18:39:03 | INFO     | DEPOSIT METHOD:QPAY, DEPOSIT CHANNEL:เติมเงินผ่าน QR GOT PROBLEM. DETAILS:[REACHED_THE_ACCOUNT_LIMIT]
18:39:03 | INFO     | TOAST DETECTED
18:39:03 | INFO     | PERFORM PAYMENT GATEWAY TEST - DEPOSIT METHOD [ทรูมันนี่ วอลเล็ท] BUTTON ARE CLICKED
18:39:03 | INFO     | URL AFTER DEPOSIT METHOD [ทรูมันนี่ วอลเล็ท] BUTTON CLICK: [https://www.aw8game.online/en-th/deposit]
18:39:03 | INFO     | FOUND [1] DEPOSIT CHANNEL FOR DEPOSIT METHOD [ทรูมันนี่ วอลเล็ท]
18:39:03 | INFO     | DEPOSIT CHANNEL [GLOBALPAY] 
18:39:03 | INFO     | PERFORM PAYMENT GATEWAY TEST - DEPOSIT CHANNEL [GLOBALPAY] BUTTON ARE CLICKED
18:39:03 | INFO     | MONEY INPUT RANGE AMOUNT: [Deposit Amount
฿ 100
 - 
฿ 50,000]
18:39:03 | INFO     | MINIMUM INPUT AMOUNT TO TEST: [100]
18:39:04 | INFO     | PERFORM PAYMENT GATEWAY TEST - MIN AMOUNT [100] ARE KEYED IN
18:39:05 | INFO     | URL JUMP CHECK - เติมเงิน/DEPOSIT TOP UP BUTTON ARE CLICKED
18:39:14 | INFO     | NO NAVIGATION HAPPENED, STAYS ON SAME PAGE [https://www.aw8game.online/en-th/deposit]
18:39:17 | INFO     | No IFRAME/POP UP APPEARED
18:39:47 | INFO     | CHECK TOAST - DEPOSIT METHOD [ทรูมันนี่ วอลเล็ท] BUTTON ARE CLICKED
18:39:48 | INFO     | CHECK TOAST - DEPOSIT CHANNEL [GLOBALPAY] BUTTON ARE CLICKED
18:39:48 | INFO     | CHECK TOAST - MIN AMOUNT [100] ARE KEYED IN
18:39:48 | INFO     | CHECK TOAST - เติมเงิน/DEPOSIT TOP UP BUTTON ARE CLICKED
18:39:51 | INFO     | DEPOSIT METHOD:GLOBALPAY, DEPOSIT CHANNEL:ทรูมันนี่ วอลเล็ท GOT PROBLEM. DETAILS:[No available channel.]
18:39:51 | INFO     | TOAST DETECTED
18:39:51 | INFO     | PERFORM PAYMENT GATEWAY TEST - DEPOSIT METHOD [คริปโต] BUTTON ARE CLICKED
18:39:51 | INFO     | URL AFTER DEPOSIT METHOD [คริปโต] BUTTON CLICK: [https://www.aw8game.online/en-th/deposit]
18:39:51 | INFO     | FOUND [1] DEPOSIT CHANNEL FOR DEPOSIT METHOD [คริปโต]
18:39:51 | INFO     | DEPOSIT CHANNEL [FPAY-CRYPTO] 
18:39:51 | INFO     | PERFORM PAYMENT GATEWAY TEST - DEPOSIT CHANNEL [FPAY-CRYPTO] BUTTON ARE CLICKED
18:39:51 | INFO     | MONEY INPUT RANGE AMOUNT: [Deposit Amount
฿ 200
 - 
฿ 170,000]
18:39:51 | INFO     | MINIMUM INPUT AMOUNT TO TEST: [200]
18:39:52 | INFO     | PERFORM PAYMENT GATEWAY TEST - MIN AMOUNT [200] ARE KEYED IN
18:39:52 | INFO     | URL JUMP CHECK - เติมเงิน/DEPOSIT TOP UP BUTTON ARE CLICKED
18:39:59 | INFO     | LOADING INTO NEW PAGE [https://portal.fpay.support/ext_info?i=72748364&t=fc04587c68dc286e6eb44510aa857141]
18:40:09 | INFO     | NEW PAGE [https://portal.fpay.support/ext_info?i=72748364&t=fc04587c68dc286e6eb44510aa857141] LOADED SUCCESSFULLY
18:40:09 | INFO     | SCRIPT STATUS: URL JUMP SUCCESS, PAYMENT PAGE SUCCESS LOAD
18:40:15 | INFO     | REENTER DEPOSIT PAGE - PAGE LOADED SUCCESSFULLY
18:40:15 | INFO     | REENTER DEPOSIT PAGE - DEPOSIT METHOD [คริปโต] BUTTON ARE CLICKED
18:40:16 | INFO     | REENTER DEPOSIT PAGE - DEPOSIT CHANNEL [FPAY-CRYPTO] BUTTON ARE CLICKED
18:40:16 | INFO     | REENTER DEPOSIT PAGE - MIN AMOUNT [200] ARE KEYED IN
18:40:16 | INFO     | PERFORM PAYMENT GATEWAY TEST - DEPOSIT METHOD [ThaiQR] BUTTON ARE CLICKED
18:40:16 | INFO     | URL AFTER DEPOSIT METHOD [ThaiQR] BUTTON CLICK: [https://www.aw8game.online/en-th/deposit]
18:40:16 | INFO     | FOUND [1] DEPOSIT CHANNEL FOR DEPOSIT METHOD [ThaiQR]
18:40:16 | INFO     | DEPOSIT CHANNEL [CYPAY] 
18:40:16 | INFO     | PERFORM PAYMENT GATEWAY TEST - DEPOSIT CHANNEL [CYPAY] BUTTON ARE CLICKED
18:40:16 | INFO     | MONEY INPUT RANGE AMOUNT: [Deposit Amount
฿ 100
 - 
฿ 200,000]
18:40:16 | INFO     | MINIMUM INPUT AMOUNT TO TEST: [100]
18:40:16 | INFO     | PERFORM PAYMENT GATEWAY TEST - MIN AMOUNT [100] ARE KEYED IN
18:40:16 | INFO     | URL JUMP CHECK - เติมเงิน/DEPOSIT TOP UP BUTTON ARE CLICKED
18:40:26 | INFO     | NO NAVIGATION HAPPENED, STAYS ON SAME PAGE [https://www.aw8game.online/en-th/deposit]
18:40:29 | INFO     | No IFRAME/POP UP APPEARED
18:40:59 | INFO     | CHECK TOAST - DEPOSIT METHOD [ThaiQR] BUTTON ARE CLICKED
18:40:59 | INFO     | CHECK TOAST - DEPOSIT CHANNEL [CYPAY] BUTTON ARE CLICKED
18:40:59 | INFO     | CHECK TOAST - MIN AMOUNT [100] ARE KEYED IN
18:40:59 | INFO     | CHECK TOAST - เติมเงิน/DEPOSIT TOP UP BUTTON ARE CLICKED
18:41:04 | INFO     | No Toast message, no proceed to payment page, no qr code, please check what reason manually.
18:41:04 | WARNING  | UNIDENTIFIED REASON
18:41:04 | INFO     | TELEGRAM MESSAGE: [{'GLOBALPAY_ธนาคารออนไลน์': ['deposit failed_2025-11-28 17:37:33'], 'GLOBALPAY_เติมเงินผ่าน QR': ['deposit failed_2025-11-28 17:38:18'], 'QPAY_เติมเงินผ่าน QR': ['deposit failed_2025-11-28 17:39:03'], 'GLOBALPAY_ทรูมันนี่ วอลเล็ท': ['deposit failed_2025-11-28 17:39:51'], 'FPAY-CRYPTO_คริปโต': ['deposit success_2025-11-28 17:40:09'], 'CYPAY_ThaiQR': ['no reason found, check manually_2025-11-28 17:41:04']}]
18:41:06 | INFO     | METHOD: [ธนาคารออนไลน์], CHANNEL: [GLOBALPAY], STATUS: [deposit failed], TIMESTAMP: [2025-11-28 17:37:33]
18:41:06 | INFO     | File [['AW8_ธนาคารออนไลน์_GLOBALPAY_Payment_Page.png']]
18:41:08 | INFO     | SCREENSHOT SUCCESSFULLY SENT
18:41:08 | INFO     | METHOD: [เติมเงินผ่าน QR], CHANNEL: [GLOBALPAY], STATUS: [deposit failed], TIMESTAMP: [2025-11-28 17:38:18]
18:41:08 | INFO     | File [['AW8_เติมเงินผ่าน QR_GLOBALPAY_Payment_Page.png']]
18:41:09 | INFO     | SCREENSHOT SUCCESSFULLY SENT
18:41:09 | INFO     | METHOD: [เติมเงินผ่าน QR], CHANNEL: [QPAY], STATUS: [deposit failed], TIMESTAMP: [2025-11-28 17:39:03]
18:41:09 | INFO     | File [['AW8_เติมเงินผ่าน QR_QPAY_Payment_Page.png']]
18:41:10 | INFO     | SCREENSHOT SUCCESSFULLY SENT
18:41:10 | INFO     | METHOD: [ทรูมันนี่ วอลเล็ท], CHANNEL: [GLOBALPAY], STATUS: [deposit failed], TIMESTAMP: [2025-11-28 17:39:51]
18:41:10 | INFO     | File [['AW8_ทรูมันนี่ วอลเล็ท_GLOBALPAY_Payment_Page.png']]
18:41:11 | INFO     | SCREENSHOT SUCCESSFULLY SENT
18:41:11 | INFO     | METHOD: [คริปโต], CHANNEL: [FPAY-CRYPTO], STATUS: [deposit success], TIMESTAMP: [2025-11-28 17:40:09]
18:41:11 | INFO     | File [['AW8_คริปโต_FPAY-CRYPTO_Payment_Page.png']]
18:41:12 | INFO     | SCREENSHOT SUCCESSFULLY SENT
18:41:12 | INFO     | METHOD: [ThaiQR], CHANNEL: [CYPAY], STATUS: [no reason found, check manually], TIMESTAMP: [2025-11-28 17:41:04]
18:41:12 | INFO     | File [['AW8_ThaiQR_CYPAY_Payment_Page.png']]
18:41:16 | INFO     | SCREENSHOT SUCCESSFULLY SENT
