13:47:09 | INFO     | ============================================================
13:47:09 | INFO     | GOD345 PAYMENT GATEWAY TEST STARTING...
13:47:09 | INFO     | STARTING TIME: 04-12-2025 12:47:09 GMT+7
13:47:09 | INFO     | ============================================================
13:47:10 | INFO     | LOGIN PROCESS - OPENING WEBSITE: https://god345.co
13:47:13 | INFO     | LOGIN PROCESS - PAGE LOADED SUCCESSFULLY
13:47:21 | INFO     | LOGIN PROCESS - CLOSE SLIDEDOWN BUTTON ARE CLICKED
13:47:22 | INFO     | LOGIN PROCESS - LOGIN BUTTON (1) ARE CLICKED
13:47:32 | INFO     | LOGIN PROCESS - LOGIN BUTTON (2) ARE FAILED TO CLICK, REASON:Locator.wait_for: Timeout 10000ms exceeded.
Call log:
  - waiting for locator("div.flex.relative.items-center").locator("button.topbar_btn_1").filter(has_text="เข้าสู่ระบบ").nth(1) to be visible
    24 × locator resolved to hidden <button type="button" data-v-9fbd5359="" class="topbar_btn_1">เข้าสู่ระบบ</button>

13:47:32 | INFO     | LOGIN PROCESS - USERNAME DONE KEYED
13:47:32 | INFO     | LOGIN PROCESS - PASSWORD DONE KEYED
13:47:33 | INFO     | LOGIN PROCESS - DEPOSIT BUTTON ARE CLICKED
13:47:34 | INFO     | PERFORM PAYMENT GATEWAY TEST - DEPOSIT METHOD [ฝากแนบสลิป] BUTTON ARE CLICKED
13:47:34 | INFO     | URL AFTER DEPOSIT METHOD [ฝากแนบสลิป] BUTTON CLICK: [https://www.god345.co/en-th/deposit]
13:47:34 | INFO     | FOUND [1] DEPOSIT CHANNEL FOR DEPOSIT METHOD [ฝากแนบสลิป]
13:47:34 | INFO     | DEPOSIT CHANNEL [ธนาคารเกียรตินาคิน] 
13:47:34 | INFO     | DEPOSIT CHANNEL [ธนาคารเกียรตินาคิน] IS NOT PAYMENT GATEWAY, SKIPPING CHECK...
13:47:34 | INFO     | PERFORM PAYMENT GATEWAY TEST - DEPOSIT METHOD [เติมเงินผ่าน QR] BUTTON ARE CLICKED
13:47:34 | INFO     | URL AFTER DEPOSIT METHOD [เติมเงินผ่าน QR] BUTTON CLICK: [https://www.god345.co/en-th/deposit]
13:47:34 | INFO     | FOUND [3] DEPOSIT CHANNEL FOR DEPOSIT METHOD [เติมเงินผ่าน QR]
13:47:34 | INFO     | DEPOSIT CHANNEL [WEPAY] 
13:47:34 | INFO     | PERFORM PAYMENT GATEWAY TEST - DEPOSIT CHANNEL [WEPAY] BUTTON ARE CLICKED
13:47:34 | INFO     | MONEY INPUT RANGE AMOUNT: [Enter Deposit Amount
฿ 100
 - 
฿ 40,000]
13:47:34 | INFO     | MINIMUM INPUT AMOUNT TO TEST: [100]
13:47:34 | INFO     | PERFORM PAYMENT GATEWAY TEST - MIN AMOUNT [100] ARE KEYED IN
13:47:34 | INFO     | URL JUMP CHECK - เติมเงิน/DEPOSIT TOP UP BUTTON ARE CLICKED
13:47:36 | INFO     | LOADING INTO NEW PAGE [https://paytm.wepayplus.com/?no=20251204134734815178]
13:47:46 | INFO     | NEW PAGE [https://paytm.wepayplus.com/?no=20251204134734815178] LOADED SUCCESSFULLY
13:47:46 | INFO     | NO MANUAL BANK TEXT FOUND:cannot access local variable 'e' where it is not associated with a value
13:47:46 | INFO     | SCRIPT STATUS: URL JUMP SUCCESS, PAYMENT PAGE SUCCESS LOAD
13:47:46 | INFO     | Trying to goto URL attempt 1/3: https://www.god345.co/en-th/deposit
13:47:49 | INFO     | REENTER DEPOSIT PAGE - PAGE LOADED SUCCESSFULLY
13:47:49 | INFO     | REENTER DEPOSIT PAGE - DEPOSIT METHOD [เติมเงินผ่าน QR] BUTTON ARE CLICKED
13:47:49 | INFO     | REENTER DEPOSIT PAGE - DEPOSIT CHANNEL [WEPAY] BUTTON ARE CLICKED
13:47:49 | INFO     | REENTER DEPOSIT PAGE - MIN AMOUNT [100] ARE KEYED IN
13:47:49 | INFO     | DEPOSIT CHANNEL [QPAY] 
13:47:49 | INFO     | PERFORM PAYMENT GATEWAY TEST - DEPOSIT CHANNEL [QPAY] BUTTON ARE CLICKED
13:47:49 | INFO     | MONEY INPUT RANGE AMOUNT: [Enter Deposit Amount
฿ 100
 - 
฿ 300,000]
13:47:49 | INFO     | MINIMUM INPUT AMOUNT TO TEST: [100]
13:47:49 | INFO     | PERFORM PAYMENT GATEWAY TEST - MIN AMOUNT [100] ARE KEYED IN
13:47:49 | INFO     | URL JUMP CHECK - เติมเงิน/DEPOSIT TOP UP BUTTON ARE CLICKED
13:48:09 | INFO     | NO NAVIGATION HAPPENED, STAYS ON SAME PAGE [https://www.god345.co/en-th/deposit]
13:48:10 | INFO     | NO MANUAL BANK TEXT FOUND:cannot access local variable 'e' where it is not associated with a value
13:48:10 | INFO     | IFRAME/POP UP APPEARED. IFRAME COUNT:0
13:48:10 | INFO     | QR DETECTED
13:48:10 | INFO     | Trying to goto URL attempt 1/3: https://www.god345.co/en-th/deposit
13:48:12 | INFO     | REENTER DEPOSIT PAGE - PAGE LOADED SUCCESSFULLY
13:48:12 | INFO     | REENTER DEPOSIT PAGE - DEPOSIT METHOD [เติมเงินผ่าน QR] BUTTON ARE CLICKED
13:48:12 | INFO     | REENTER DEPOSIT PAGE - DEPOSIT CHANNEL [QPAY] BUTTON ARE CLICKED
13:48:12 | INFO     | REENTER DEPOSIT PAGE - MIN AMOUNT [100] ARE KEYED IN
13:48:12 | INFO     | DEPOSIT CHANNEL [ONEPAY] 
13:48:12 | INFO     | PERFORM PAYMENT GATEWAY TEST - DEPOSIT CHANNEL [ONEPAY] BUTTON ARE CLICKED
13:48:12 | INFO     | MONEY INPUT RANGE AMOUNT: [Enter Deposit Amount
฿ 100
 - 
฿ 30,000]
13:48:12 | INFO     | MINIMUM INPUT AMOUNT TO TEST: [100]
13:48:12 | INFO     | PERFORM PAYMENT GATEWAY TEST - MIN AMOUNT [100] ARE KEYED IN
13:48:12 | INFO     | URL JUMP CHECK - เติมเงิน/DEPOSIT TOP UP BUTTON ARE CLICKED
13:48:14 | INFO     | LOADING INTO NEW PAGE [https://portal.one1pay.asia/qr_pay?i=10393386&t=807767250dd3e4347ec234afc3632799]
13:48:24 | INFO     | NEW PAGE [https://portal.one1pay.asia/qr_pay?i=10393386&t=807767250dd3e4347ec234afc3632799] LOADED SUCCESSFULLY
13:48:24 | INFO     | NO MANUAL BANK TEXT FOUND:cannot access local variable 'e' where it is not associated with a value
13:48:24 | INFO     | SCRIPT STATUS: URL JUMP SUCCESS, PAYMENT PAGE SUCCESS LOAD
13:48:24 | INFO     | Trying to goto URL attempt 1/3: https://www.god345.co/en-th/deposit
13:48:27 | INFO     | REENTER DEPOSIT PAGE - PAGE LOADED SUCCESSFULLY
13:48:27 | INFO     | REENTER DEPOSIT PAGE - DEPOSIT METHOD [เติมเงินผ่าน QR] BUTTON ARE CLICKED
13:48:27 | INFO     | REENTER DEPOSIT PAGE - DEPOSIT CHANNEL [ONEPAY] BUTTON ARE CLICKED
13:48:27 | INFO     | REENTER DEPOSIT PAGE - MIN AMOUNT [100] ARE KEYED IN
13:48:27 | INFO     | PERFORM PAYMENT GATEWAY TEST - DEPOSIT METHOD [คริปโต] BUTTON ARE CLICKED
13:48:27 | INFO     | URL AFTER DEPOSIT METHOD [คริปโต] BUTTON CLICK: [https://www.god345.co/en-th/deposit]
13:48:27 | INFO     | FOUND [1] DEPOSIT CHANNEL FOR DEPOSIT METHOD [คริปโต]
13:48:27 | INFO     | DEPOSIT CHANNEL [FPAY-CRYPTO] 
13:48:27 | INFO     | PERFORM PAYMENT GATEWAY TEST - DEPOSIT CHANNEL [FPAY-CRYPTO] BUTTON ARE CLICKED
13:48:27 | INFO     | MONEY INPUT RANGE AMOUNT: [Enter Deposit Amount
฿ 200
 - 
฿ 150,000]
13:48:27 | INFO     | MINIMUM INPUT AMOUNT TO TEST: [200]
13:48:27 | INFO     | PERFORM PAYMENT GATEWAY TEST - MIN AMOUNT [200] ARE KEYED IN
13:48:28 | INFO     | URL JUMP CHECK - เติมเงิน/DEPOSIT TOP UP BUTTON ARE CLICKED
13:48:35 | INFO     | LOADING INTO NEW PAGE [https://portal.fpay.support/ext_info?i=73614452&t=1708a31b32c0a99fc5b0ed7b28b9c4e6]
13:48:45 | INFO     | NEW PAGE [https://portal.fpay.support/ext_info?i=73614452&t=1708a31b32c0a99fc5b0ed7b28b9c4e6] LOADED SUCCESSFULLY
13:48:45 | INFO     | NO MANUAL BANK TEXT FOUND:cannot access local variable 'e' where it is not associated with a value
13:48:45 | INFO     | SCRIPT STATUS: URL JUMP SUCCESS, PAYMENT PAGE SUCCESS LOAD
13:48:45 | INFO     | Trying to goto URL attempt 1/3: https://www.god345.co/en-th/deposit
13:48:48 | INFO     | REENTER DEPOSIT PAGE - PAGE LOADED SUCCESSFULLY
13:48:48 | INFO     | REENTER DEPOSIT PAGE - DEPOSIT METHOD [คริปโต] BUTTON ARE CLICKED
13:48:48 | INFO     | REENTER DEPOSIT PAGE - DEPOSIT CHANNEL [FPAY-CRYPTO] BUTTON ARE CLICKED
13:48:48 | INFO     | REENTER DEPOSIT PAGE - MIN AMOUNT [200] ARE KEYED IN
13:48:48 | INFO     | TELEGRAM MESSAGE: [{'WEPAY_เติมเงินผ่าน QR': ['deposit success_2025-12-04 12:47:46'], 'QPAY_เติมเงินผ่าน QR': ['deposit success_2025-12-04 12:48:10'], 'ONEPAY_เติมเงินผ่าน QR': ['deposit success_2025-12-04 12:48:24'], 'FPAY-CRYPTO_คริปโต': ['deposit success_2025-12-04 12:48:45']}]
13:48:49 | INFO     | METHOD: [เติมเงินผ่าน QR], CHANNEL: [WEPAY], STATUS: [deposit success], TIMESTAMP: [2025-12-04 12:47:46]
13:48:49 | INFO     | File [['GOD345_เติมเงินผ่าน QR_WEPAY_Payment_Page.png']]
13:48:49 | INFO     | METHOD: [เติมเงินผ่าน QR], CHANNEL: [QPAY], STATUS: [deposit success], TIMESTAMP: [2025-12-04 12:48:10]
13:48:49 | INFO     | File [['GOD345_เติมเงินผ่าน QR_QPAY_Payment_Page.png']]
13:48:49 | INFO     | METHOD: [เติมเงินผ่าน QR], CHANNEL: [ONEPAY], STATUS: [deposit success], TIMESTAMP: [2025-12-04 12:48:24]
13:48:49 | INFO     | File [['GOD345_เติมเงินผ่าน QR_ONEPAY_Payment_Page.png']]
13:48:49 | INFO     | METHOD: [คริปโต], CHANNEL: [FPAY-CRYPTO], STATUS: [deposit success], TIMESTAMP: [2025-12-04 12:48:45]
13:48:49 | INFO     | File [['GOD345_คริปโต_FPAY-CRYPTO_Payment_Page.png']]
13:48:49 | INFO     | TELEGRAM MESSAGE: [{'WEPAY_เติมเงินผ่าน QR': ['deposit success_2025-12-04 12:47:46'], 'QPAY_เติมเงินผ่าน QR': ['deposit success_2025-12-04 12:48:10'], 'ONEPAY_เติมเงินผ่าน QR': ['deposit success_2025-12-04 12:48:24'], 'FPAY-CRYPTO_คริปโต': ['deposit success_2025-12-04 12:48:45']}]
13:48:51 | INFO     | TELEGRAM_MESSAGE:{'WEPAY_เติมเงินผ่าน QR': ['deposit success_2025-12-04 12:47:46'], 'QPAY_เติมเงินผ่าน QR': ['deposit success_2025-12-04 12:48:10'], 'ONEPAY_เติมเงินผ่าน QR': ['deposit success_2025-12-04 12:48:24'], 'FPAY-CRYPTO_คริปโต': ['deposit success_2025-12-04 12:48:45']}
13:48:53 | INFO     | SUMMARY SENT
