13:42:53 | INFO     | ============================================================
13:42:53 | INFO     | GOD855 PAYMENT GATEWAY TEST STARTING...
13:42:53 | INFO     | STARTING TIME: 04-12-2025 12:42:53 GMT+7
13:42:53 | INFO     | ============================================================
13:42:53 | INFO     | LOGIN PROCESS - OPENING WEBSITE: https://www.god855th1.com/th-th
13:42:55 | INFO     | LOGIN PROCESS - PAGE LOADED SUCCESSFULLY
13:43:07 | INFO     | LOGIN PROCESS - NO NOTIFICATION POP UP
13:43:07 | INFO     | LOGIN PROCESS - LOGIN CONTAINER FAILED TO LOCATE Locator.count: Target page, context or browser has been closed
13:43:07 | WARNING  | RETRY ROUND [1] ERROR: [LOGIN PROCESS - LOGIN BUTTON ARE FAILED CLICKED]
13:43:07 | INFO     | NETWORK ISSUE, STOP HALFWAY, RETRY FROM BEGINNING...
13:43:08 | INFO     | LOGIN PROCESS - OPENING WEBSITE: https://www.god855th1.com/th-th
13:43:09 | WARNING  | LOGIN PROCESS - PAGE LOADED FAILED, RETRYING
13:43:11 | INFO     | LOGIN PROCESS - OPENING WEBSITE: https://www.god855th1.com/th-th
13:43:11 | WARNING  | LOGIN PROCESS - PAGE LOADED FAILED, RETRYING
13:43:13 | INFO     | LOGIN PROCESS - OPENING WEBSITE: https://www.god855th1.com/th-th
13:43:13 | WARNING  | LOGIN PROCESS - PAGE LOADED FAILED, RETRYING
13:43:15 | WARNING  | RETRY ROUND [2] ERROR: [LOGIN PROCESS - RETRY 3 TIMES....PAGE LOADED FAILED]
13:43:15 | INFO     | NETWORK ISSUE, STOP HALFWAY, RETRY FROM BEGINNING...
13:43:16 | INFO     | LOGIN PROCESS - OPENING WEBSITE: https://www.god855th1.com/th-th
13:43:17 | WARNING  | LOGIN PROCESS - PAGE LOADED FAILED, RETRYING
13:43:19 | INFO     | LOGIN PROCESS - OPENING WEBSITE: https://www.god855th1.com/th-th
13:43:19 | WARNING  | LOGIN PROCESS - PAGE LOADED FAILED, RETRYING
13:43:21 | INFO     | LOGIN PROCESS - OPENING WEBSITE: https://www.god855th1.com/th-th
13:43:21 | WARNING  | LOGIN PROCESS - PAGE LOADED FAILED, RETRYING
13:43:23 | WARNING  | RETRY ROUND [3] ERROR: [LOGIN PROCESS - RETRY 3 TIMES....PAGE LOADED FAILED]
13:43:23 | INFO     | NETWORK ISSUE, STOP HALFWAY, RETRY FROM BEGINNING...
13:43:23 | WARNING  | REACHED MAX RETRY, STOP SCRIPT
13:43:23 | INFO     | TELEGRAM MESSAGE: [{}]
13:43:25 | INFO     | FAILURE MESSAGE SENT
