15:05:37 | INFO     | ============================================================
15:05:37 | INFO     | MAFA191 PAYMENT GATEWAY TEST STARTING...
15:05:37 | INFO     | STARTING TIME: 02-12-2025 14:05:37 GMT+7
15:05:37 | INFO     | ============================================================
15:05:39 | INFO     | LOGIN PROCESS - OPENING WEBSITE: https://www.mafa191.com/th-th
15:05:41 | INFO     | LOGIN PROCESS - PAGE LOADED SUCCESSFULLY
15:05:43 | INFO     | LOGIN PROCESS - CLOSE BUTTON ARE CLICKED
15:05:58 | INFO     | LOGIN PROCESS - ใช่ BUTTON ARE CLICKED
15:05:59 | INFO     | LOGIN PROCESS - เข้าสู่ระบบ BUTTON ARE CLICKED
15:05:59 | INFO     | LOGIN PROCESS - USERNAME TEXTBOX ARE CLICKED
15:06:00 | INFO     | LOGIN PROCESS - USERNAME DONE KEYED
15:06:00 | INFO     | LOGIN PROCESS -  ต่อไป BUTTON ARE CLICKED
15:06:00 | INFO     | LOGIN PROCESS - PASSWORD DONE KEYED
15:06:03 | INFO     | LOGIN PROCESS - ปิด BUTTON ARE CLICKED
15:06:04 | INFO     | LOGIN PROCESS - CLOSE BUTTON ARE CLICKED
15:06:04 | INFO     | LOGIN PROCESS - เติมเงิน BUTTON ARE CLICKED
15:06:05 | INFO     | PERFORM PAYMENT GATEWAY TEST - DEPOSIT METHOD [ฝากแนบสลิป] BUTTON ARE CLICKED
15:06:05 | INFO     | URL AFTER DEPOSIT METHOD [ฝากแนบสลิป] BUTTON CLICK: [https://www.mafa191.com/th-th/deposit]
15:06:05 | INFO     | FOUND [1] DEPOSIT CHANNEL FOR DEPOSIT METHOD [ฝากแนบสลิป]
15:06:05 | INFO     | DEPOSIT CHANNEL [กสิกรไทย] 
15:06:05 | INFO     | DEPOSIT CHANNEL [กสิกรไทย] IS NOT PAYMENT GATEWAY, SKIPPING CHECK...
15:06:05 | INFO     | PERFORM PAYMENT GATEWAY TEST - DEPOSIT METHOD [ธนาคารออนไลน์] BUTTON ARE CLICKED
15:06:05 | INFO     | URL AFTER DEPOSIT METHOD [ธนาคารออนไลน์] BUTTON CLICK: [https://www.mafa191.com/th-th/deposit]
15:06:05 | INFO     | FOUND [1] DEPOSIT CHANNEL FOR DEPOSIT METHOD [ธนาคารออนไลน์]
15:06:05 | INFO     | DEPOSIT CHANNEL [BAOYUANPAY] 
15:06:05 | INFO     | PERFORM PAYMENT GATEWAY TEST - DEPOSIT CHANNEL [BAOYUANPAY] BUTTON ARE CLICKED
15:06:05 | INFO     | MONEY INPUT RANGE AMOUNT: [กรอกจำนวนเงินฝาก
฿ 100
 - 
฿ 20,000]
15:06:05 | INFO     | MINIMUM INPUT AMOUNT TO TEST: [100]
15:06:05 | INFO     | PERFORM PAYMENT GATEWAY TEST - MIN AMOUNT [100] ARE KEYED IN
15:06:06 | INFO     | URL JUMP CHECK - เติมเงิน/DEPOSIT TOP UP BUTTON ARE CLICKED
15:06:16 | INFO     | NO NAVIGATION HAPPENED, STAYS ON SAME PAGE [https://www.mafa191.com/th-th/deposit]
15:06:16 | INFO     | IFRAME/POP UP APPEARED. IFRAME COUNT:1
15:06:16 | INFO     | QR DETECTED
15:06:16 | INFO     | Trying to goto URL attempt 1/3: https://www.mafa191.com/th-th/deposit
15:06:16 | INFO     | Navigation OK
15:06:17 | INFO     | REENTER DEPOSIT PAGE - DEPOSIT METHOD [ธนาคารออนไลน์] BUTTON ARE CLICKED
15:06:48 | WARNING  | RETRY ROUND [1] ERROR: [REENTER DEPOSIT PAGE - DEPOSIT CHANNEL [BAOYUANPAY] BUTTON ARE FAILED CLICKED]
15:06:48 | INFO     | NETWORK ISSUE, STOP HALFWAY, RETRY FROM BEGINNING...
15:06:48 | INFO     | LOGIN PROCESS - OPENING WEBSITE: https://www.mafa191.com/th-th
15:06:50 | INFO     | LOGIN PROCESS - PAGE LOADED SUCCESSFULLY
15:06:51 | INFO     | LOGIN PROCESS - CLOSE BUTTON ARE CLICKED
15:06:58 | INFO     | LOGIN PROCESS - ใช่ BUTTON ARE CLICKED
15:06:59 | INFO     | LOGIN PROCESS - เข้าสู่ระบบ BUTTON ARE CLICKED
15:07:00 | INFO     | LOGIN PROCESS - USERNAME TEXTBOX ARE CLICKED
15:07:00 | INFO     | LOGIN PROCESS - USERNAME DONE KEYED
15:07:00 | INFO     | LOGIN PROCESS -  ต่อไป BUTTON ARE CLICKED
15:07:00 | INFO     | LOGIN PROCESS - PASSWORD DONE KEYED
15:07:02 | INFO     | LOGIN PROCESS - ปิด BUTTON ARE CLICKED
15:07:03 | INFO     | LOGIN PROCESS - CLOSE BUTTON ARE CLICKED
15:07:03 | INFO     | LOGIN PROCESS - เติมเงิน BUTTON ARE CLICKED
15:07:04 | INFO     | PERFORM PAYMENT GATEWAY TEST - DEPOSIT METHOD [ฝากแนบสลิป] BUTTON ARE CLICKED
15:07:04 | INFO     | URL AFTER DEPOSIT METHOD [ฝากแนบสลิป] BUTTON CLICK: [https://www.mafa191.com/th-th/deposit]
15:07:04 | INFO     | FOUND [1] DEPOSIT CHANNEL FOR DEPOSIT METHOD [ฝากแนบสลิป]
15:07:04 | INFO     | DEPOSIT CHANNEL [กสิกรไทย] 
15:07:04 | INFO     | DEPOSIT CHANNEL [กสิกรไทย] IS NOT PAYMENT GATEWAY, SKIPPING CHECK...
15:07:04 | INFO     | PERFORM PAYMENT GATEWAY TEST - DEPOSIT METHOD [ธนาคารออนไลน์] BUTTON ARE CLICKED
15:07:04 | INFO     | URL AFTER DEPOSIT METHOD [ธนาคารออนไลน์] BUTTON CLICK: [https://www.mafa191.com/th-th/deposit]
15:07:04 | INFO     | FOUND [1] DEPOSIT CHANNEL FOR DEPOSIT METHOD [ธนาคารออนไลน์]
15:07:04 | INFO     | DEPOSIT CHANNEL [BAOYUANPAY] 
15:07:05 | INFO     | PERFORM PAYMENT GATEWAY TEST - DEPOSIT CHANNEL [BAOYUANPAY] BUTTON ARE CLICKED
15:07:05 | INFO     | MONEY INPUT RANGE AMOUNT: [กรอกจำนวนเงินฝาก
฿ 100
 - 
฿ 20,000]
15:07:05 | INFO     | MINIMUM INPUT AMOUNT TO TEST: [100]
15:07:05 | INFO     | PERFORM PAYMENT GATEWAY TEST - MIN AMOUNT [100] ARE KEYED IN
15:07:05 | INFO     | URL JUMP CHECK - เติมเงิน/DEPOSIT TOP UP BUTTON ARE CLICKED
15:07:15 | INFO     | NO NAVIGATION HAPPENED, STAYS ON SAME PAGE [https://www.mafa191.com/th-th/deposit]
15:07:15 | INFO     | IFRAME/POP UP APPEARED. IFRAME COUNT:1
15:07:15 | INFO     | QR DETECTED
15:07:15 | INFO     | Trying to goto URL attempt 1/3: https://www.mafa191.com/th-th/deposit
15:07:18 | INFO     | Navigation OK
15:07:22 | INFO     | REENTER DEPOSIT PAGE - DEPOSIT METHOD [ธนาคารออนไลน์] BUTTON ARE CLICKED
15:07:22 | INFO     | REENTER DEPOSIT PAGE - DEPOSIT CHANNEL [BAOYUANPAY] BUTTON ARE CLICKED
15:07:22 | INFO     | REENTER DEPOSIT PAGE - MIN AMOUNT [100] ARE KEYED IN
15:07:23 | INFO     | PERFORM PAYMENT GATEWAY TEST - DEPOSIT METHOD [เติมเงินผ่าน QR] BUTTON ARE CLICKED
15:07:23 | INFO     | URL AFTER DEPOSIT METHOD [เติมเงินผ่าน QR] BUTTON CLICK: [https://www.mafa191.com/th-th/deposit]
15:07:23 | INFO     | FOUND [1] DEPOSIT CHANNEL FOR DEPOSIT METHOD [เติมเงินผ่าน QR]
15:07:23 | INFO     | DEPOSIT CHANNEL [QPAY] 
15:07:23 | INFO     | PERFORM PAYMENT GATEWAY TEST - DEPOSIT CHANNEL [QPAY] BUTTON ARE CLICKED
15:07:23 | INFO     | MONEY INPUT RANGE AMOUNT: [กรอกจำนวนเงินฝาก
฿ 100
 - 
฿ 300,000]
15:07:23 | INFO     | MINIMUM INPUT AMOUNT TO TEST: [100]
15:07:23 | INFO     | PERFORM PAYMENT GATEWAY TEST - MIN AMOUNT [100] ARE KEYED IN
15:07:24 | INFO     | URL JUMP CHECK - เติมเงิน/DEPOSIT TOP UP BUTTON ARE CLICKED
15:07:25 | INFO     | LOADING INTO NEW PAGE [https://api.qpayauth.com/th/v1/?token=54920ada-00ef-4ef6-b073-a956f39b2876]
15:07:35 | INFO     | NEW PAGE [https://api.qpayauth.com/th/v1/?token=54920ada-00ef-4ef6-b073-a956f39b2876] LOADED SUCCESSFULLY
15:07:36 | INFO     | SCRIPT STATUS: URL JUMP SUCCESS, PAYMENT PAGE SUCCESS LOAD
15:07:36 | INFO     | Trying to goto URL attempt 1/3: https://www.mafa191.com/th-th/deposit
15:07:39 | INFO     | Navigation OK
15:07:44 | INFO     | REENTER DEPOSIT PAGE - DEPOSIT METHOD [เติมเงินผ่าน QR] BUTTON ARE CLICKED
15:07:44 | INFO     | REENTER DEPOSIT PAGE - DEPOSIT CHANNEL [QPAY] BUTTON ARE CLICKED
15:07:44 | INFO     | REENTER DEPOSIT PAGE - MIN AMOUNT [100] ARE KEYED IN
15:07:45 | INFO     | PERFORM PAYMENT GATEWAY TEST - DEPOSIT METHOD [ทรูมันนี่ วอลเล็ท] BUTTON ARE CLICKED
15:07:45 | INFO     | URL AFTER DEPOSIT METHOD [ทรูมันนี่ วอลเล็ท] BUTTON CLICK: [https://www.mafa191.com/th-th/deposit]
15:07:45 | INFO     | FOUND [1] DEPOSIT CHANNEL FOR DEPOSIT METHOD [ทรูมันนี่ วอลเล็ท]
15:07:45 | INFO     | DEPOSIT CHANNEL [BAOYUANPAY] 
15:07:45 | INFO     | PERFORM PAYMENT GATEWAY TEST - DEPOSIT CHANNEL [BAOYUANPAY] BUTTON ARE CLICKED
15:07:45 | INFO     | MONEY INPUT RANGE AMOUNT: [กรอกจำนวนเงินฝาก
฿ 100
 - 
฿ 20,000]
15:07:45 | INFO     | MINIMUM INPUT AMOUNT TO TEST: [100]
15:07:45 | INFO     | PERFORM PAYMENT GATEWAY TEST - MIN AMOUNT [100] ARE KEYED IN
15:07:45 | INFO     | URL JUMP CHECK - เติมเงิน/DEPOSIT TOP UP BUTTON ARE CLICKED
15:07:55 | INFO     | NO NAVIGATION HAPPENED, STAYS ON SAME PAGE [https://www.mafa191.com/th-th/deposit]
15:07:56 | INFO     | IFRAME/POP UP APPEARED. IFRAME COUNT:1
15:07:56 | INFO     | QR DETECTED
15:07:56 | INFO     | Trying to goto URL attempt 1/3: https://www.mafa191.com/th-th/deposit
15:07:57 | INFO     | Navigation OK
15:07:58 | INFO     | REENTER DEPOSIT PAGE - DEPOSIT METHOD [ทรูมันนี่ วอลเล็ท] BUTTON ARE CLICKED
15:07:58 | INFO     | REENTER DEPOSIT PAGE - DEPOSIT CHANNEL [BAOYUANPAY] BUTTON ARE CLICKED
15:07:58 | INFO     | REENTER DEPOSIT PAGE - MIN AMOUNT [100] ARE KEYED IN
15:07:58 | INFO     | PERFORM PAYMENT GATEWAY TEST - DEPOSIT METHOD [คริปโต] BUTTON ARE CLICKED
15:07:58 | INFO     | URL AFTER DEPOSIT METHOD [คริปโต] BUTTON CLICK: [https://www.mafa191.com/th-th/deposit]
15:07:58 | INFO     | FOUND [1] DEPOSIT CHANNEL FOR DEPOSIT METHOD [คริปโต]
15:07:58 | INFO     | DEPOSIT CHANNEL [FPAY-CRYPTO] 
15:07:58 | INFO     | PERFORM PAYMENT GATEWAY TEST - DEPOSIT CHANNEL [FPAY-CRYPTO] BUTTON ARE CLICKED
15:07:58 | INFO     | MONEY INPUT RANGE AMOUNT: [กรอกจำนวนเงินฝาก
฿ 200
 - 
฿ 150,000]
15:07:58 | INFO     | MINIMUM INPUT AMOUNT TO TEST: [200]
15:07:59 | INFO     | PERFORM PAYMENT GATEWAY TEST - MIN AMOUNT [200] ARE KEYED IN
15:07:59 | INFO     | URL JUMP CHECK - เติมเงิน/DEPOSIT TOP UP BUTTON ARE CLICKED
15:08:06 | INFO     | LOADING INTO NEW PAGE [https://portal.fpay.support/ext_info?i=73320503&t=1c99241ea31827e28a614feb5c1b3560]
15:08:16 | INFO     | NEW PAGE [https://portal.fpay.support/ext_info?i=73320503&t=1c99241ea31827e28a614feb5c1b3560] LOADED SUCCESSFULLY
15:08:16 | INFO     | SCRIPT STATUS: URL JUMP SUCCESS, PAYMENT PAGE SUCCESS LOAD
15:08:16 | INFO     | Trying to goto URL attempt 1/3: https://www.mafa191.com/th-th/deposit
15:08:17 | INFO     | Navigation OK
15:08:18 | INFO     | REENTER DEPOSIT PAGE - DEPOSIT METHOD [คริปโต] BUTTON ARE CLICKED
15:08:18 | INFO     | REENTER DEPOSIT PAGE - DEPOSIT CHANNEL [FPAY-CRYPTO] BUTTON ARE CLICKED
15:08:18 | INFO     | REENTER DEPOSIT PAGE - MIN AMOUNT [200] ARE KEYED IN
15:08:18 | INFO     | TELEGRAM MESSAGE: [{'BAOYUANPAY_ธนาคารออนไลน์': ['deposit success_2025-12-02 14:07:15'], 'QPAY_เติมเงินผ่าน QR': ['deposit success_2025-12-02 14:07:36'], 'BAOYUANPAY_ทรูมันนี่ วอลเล็ท': ['deposit success_2025-12-02 14:07:56'], 'FPAY-CRYPTO_คริปโต': ['deposit success_2025-12-02 14:08:16']}]
15:08:20 | INFO     | METHOD: [ธนาคารออนไลน์], CHANNEL: [BAOYUANPAY], STATUS: [deposit success], TIMESTAMP: [2025-12-02 14:07:15]
15:08:20 | INFO     | File [['MAFA191_ธนาคารออนไลน์_BAOYUANPAY_Payment_Page.png']]
15:08:20 | INFO     | METHOD: [เติมเงินผ่าน QR], CHANNEL: [QPAY], STATUS: [deposit success], TIMESTAMP: [2025-12-02 14:07:36]
15:08:20 | INFO     | File [['MAFA191_เติมเงินผ่าน QR_QPAY_Payment_Page.png']]
15:08:20 | INFO     | METHOD: [ทรูมันนี่ วอลเล็ท], CHANNEL: [BAOYUANPAY], STATUS: [deposit success], TIMESTAMP: [2025-12-02 14:07:56]
15:08:20 | INFO     | File [['MAFA191_ทรูมันนี่ วอลเล็ท_BAOYUANPAY_Payment_Page.png']]
15:08:20 | INFO     | METHOD: [คริปโต], CHANNEL: [FPAY-CRYPTO], STATUS: [deposit success], TIMESTAMP: [2025-12-02 14:08:16]
15:08:20 | INFO     | File [['MAFA191_คริปโต_FPAY-CRYPTO_Payment_Page.png']]
15:08:22 | INFO     | TELEGRAM_MESSAGE:{'BAOYUANPAY_ธนาคารออนไลน์': ['deposit success_2025-12-02 14:07:15'], 'QPAY_เติมเงินผ่าน QR': ['deposit success_2025-12-02 14:07:36'], 'BAOYUANPAY_ทรูมันนี่ วอลเล็ท': ['deposit success_2025-12-02 14:07:56'], 'FPAY-CRYPTO_คริปโต': ['deposit success_2025-12-02 14:08:16']}
15:08:23 | INFO     | SUMMARY SENT
