18:55:57 | INFO     | ============================================================
18:55:57 | INFO     | NEX191 PAYMENT GATEWAY TEST STARTING...
18:55:57 | INFO     | STARTING TIME: 09-12-2025 17:55:57 GMT+7
18:55:57 | INFO     | ============================================================
18:55:58 | INFO     | LOGIN PROCESS - OPENING WEBSITE: https://www.nex191.co/th-th
18:56:03 | INFO     | LOGIN PROCESS - PAGE LOADED SUCCESSFULLY
18:56:22 | INFO     | LOGIN PROCESS - USERNAME DONE KEYED
18:56:22 | INFO     | LOGIN PROCESS - PASSWORD ARE FILLED IN
18:56:25 | INFO     | LOGIN PROCESS - ปิด BUTTON ARE CLICKED
18:56:26 | INFO     | LOGIN PROCESS - เติมเงิน/ENTER DEPOSIT PAGE BUTTON ARE CLICKED
18:56:27 | INFO     | PERFORM PAYMENT GATEWAY TEST - DEPOSIT METHOD [ฝากเงินด่วน] BUTTON ARE CLICKED
18:56:27 | INFO     | URL AFTER DEPOSIT METHOD [ฝากเงินด่วน] BUTTON CLICK: [https://www.nex191.co/th-th/deposit]
18:56:27 | INFO     | FOUND [1] DEPOSIT CHANNEL FOR DEPOSIT METHOD [ฝากเงินด่วน]
18:56:27 | INFO     | DEPOSIT CHANNEL [ธนาคารออมสิน.] 
18:56:27 | INFO     | DEPOSIT CHANNEL [ธนาคารออมสิน.] IS NOT PAYMENT GATEWAY, SKIPPING CHECK...
18:56:27 | INFO     | PERFORM PAYMENT GATEWAY TEST - DEPOSIT METHOD [คริปโต] BUTTON ARE CLICKED
18:56:27 | INFO     | URL AFTER DEPOSIT METHOD [คริปโต] BUTTON CLICK: [https://www.nex191.co/th-th/deposit]
18:56:27 | INFO     | FOUND [1] DEPOSIT CHANNEL FOR DEPOSIT METHOD [คริปโต]
18:56:27 | INFO     | DEPOSIT CHANNEL [FPAY-CRYPTO] 
18:56:27 | INFO     | PERFORM PAYMENT GATEWAY TEST - DEPOSIT CHANNEL [FPAY-CRYPTO] BUTTON ARE CLICKED
18:56:27 | INFO     | MONEY INPUT RANGE AMOUNT: [กรอกจำนวนเงินฝาก
฿ 200
 - 
฿ 150,000]
18:56:27 | INFO     | MINIMUM INPUT AMOUNT TO TEST: [200]
18:56:27 | INFO     | PERFORM PAYMENT GATEWAY TEST - MIN AMOUNT [200] ARE KEYED IN
18:56:27 | INFO     | URL JUMP CHECK - เติมเงิน/DEPOSIT TOP UP BUTTON ARE CLICKED
18:56:36 | INFO     | LOADING INTO NEW PAGE [https://portal.fpay.support/ext_info?i=74390191&t=5d5b3a24d0f9afd2199fa80e3be84461]
18:56:46 | INFO     | NEW PAGE [https://portal.fpay.support/ext_info?i=74390191&t=5d5b3a24d0f9afd2199fa80e3be84461] LOADED SUCCESSFULLY
18:56:46 | INFO     | NO MANUAL BANK TEXT FOUND:cannot access local variable 'e' where it is not associated with a value
18:56:46 | INFO     | SCRIPT STATUS: URL JUMP SUCCESS, PAYMENT PAGE SUCCESS LOAD
18:56:46 | INFO     | Trying to goto URL attempt 1/3: https://www.nex191.co/th-th/deposit
18:56:49 | INFO     | REENTER DEPOSIT PAGE - PAGE LOADED SUCCESSFULLY
18:56:50 | INFO     | REENTER DEPOSIT PAGE - DEPOSIT METHOD [คริปโต] BUTTON ARE CLICKED
18:56:50 | INFO     | REENTER DEPOSIT PAGE - DEPOSIT CHANNEL [FPAY-CRYPTO] BUTTON ARE CLICKED
18:56:51 | INFO     | REENTER DEPOSIT PAGE - MIN AMOUNT [200] ARE KEYED IN
18:56:51 | INFO     | TELEGRAM MESSAGE: [{'FPAY-CRYPTO_คริปโต': ['deposit success_2025-12-09 17:56:46']}]
18:56:52 | INFO     | METHOD: [คริปโต], CHANNEL: [FPAY-CRYPTO], STATUS: [deposit success], TIMESTAMP: [2025-12-09 17:56:46]
18:56:52 | INFO     | File [['NEX191_คริปโต_FPAY-CRYPTO_Payment_Page.png']]
18:56:52 | INFO     | TELEGRAM MESSAGE: [{'FPAY-CRYPTO_คริปโต': ['deposit success_2025-12-09 17:56:46']}]
18:56:52 | INFO     | TELEGRAM_MESSAGE:{'FPAY-CRYPTO_คริปโต': ['deposit success_2025-12-09 17:56:46']}
18:56:55 | INFO     | SUMMARY SENT
