13:43:37 | INFO     | ============================================================
13:43:37 | INFO     | NEX789 PAYMENT GATEWAY TEST STARTING...
13:43:37 | INFO     | STARTING TIME: 04-12-2025 12:43:37 GMT+7
13:43:37 | INFO     | ============================================================
13:43:38 | INFO     | LOGIN PROCESS - OPENING WEBSITE: https://www.nex789v1.com/th-th
13:43:40 | INFO     | LOGIN PROCESS - PAGE LOADED SUCCESSFULLY
13:43:41 | INFO     | LOGIN PROCESS - LOGIN BUTTON (1) ARE CLICKED
13:43:51 | INFO     | LOGIN PROCESS - LOGIN BUTTON (2) ARE FAILED TO CLICK
13:43:51 | INFO     | LOGIN PROCESS - USERNAME DONE KEYED
13:43:51 | INFO     | LOGIN PROCESS - PASSWORD ARE FILLED IN
13:43:54 | INFO     | LOGIN PROCESS - DEPOSIT BUTTON (1) ARE CLICKED
13:43:55 | INFO     | PERFORM PAYMENT GATEWAY TEST - DEPOSIT METHOD [ฝากเงินด่วน] BUTTON ARE CLICKED
13:43:55 | INFO     | URL AFTER DEPOSIT METHOD [ฝากเงินด่วน] BUTTON CLICK: [https://www.nex789c.com/th-th/deposit]
13:43:55 | INFO     | FOUND [1] DEPOSIT CHANNEL FOR DEPOSIT METHOD [ฝากเงินด่วน]
13:43:55 | INFO     | DEPOSIT CHANNEL [Government Saving Bank] 
13:43:55 | INFO     | DEPOSIT CHANNEL [Government Saving Bank] IS NOT PAYMENT GATEWAY, SKIPPING CHECK...
13:43:55 | INFO     | PERFORM PAYMENT GATEWAY TEST - DEPOSIT METHOD [คริปโต] BUTTON ARE CLICKED
13:43:55 | INFO     | URL AFTER DEPOSIT METHOD [คริปโต] BUTTON CLICK: [https://www.nex789c.com/th-th/deposit]
13:43:55 | INFO     | FOUND [1] DEPOSIT CHANNEL FOR DEPOSIT METHOD [คริปโต]
13:43:55 | INFO     | DEPOSIT CHANNEL [FPAY-CRYPTO] 
13:43:55 | INFO     | PERFORM PAYMENT GATEWAY TEST - DEPOSIT CHANNEL [FPAY-CRYPTO] BUTTON ARE CLICKED
13:43:55 | INFO     | MONEY INPUT RANGE AMOUNT: [กรอกจำนวนเงินฝาก
฿ 200
 - 
฿ 150,000]
13:43:55 | INFO     | MINIMUM INPUT AMOUNT TO TEST: [200]
13:43:55 | INFO     | PERFORM PAYMENT GATEWAY TEST - MIN AMOUNT [200] ARE KEYED IN
13:43:55 | INFO     | URL JUMP CHECK - เติมเงิน/DEPOSIT TOP UP BUTTON ARE CLICKED
13:44:02 | INFO     | LOADING INTO NEW PAGE [https://portal.fpay.support/ext_info?i=73614017&t=e4ae2ea872d713636f666748a08becac]
13:44:12 | INFO     | NEW PAGE [https://portal.fpay.support/ext_info?i=73614017&t=e4ae2ea872d713636f666748a08becac] LOADED SUCCESSFULLY
13:44:12 | INFO     | NO MANUAL BANK TEXT FOUND:cannot access local variable 'e' where it is not associated with a value
13:44:12 | INFO     | SCRIPT STATUS: URL JUMP SUCCESS, PAYMENT PAGE SUCCESS LOAD
13:44:12 | INFO     | Trying to goto URL attempt 1/3: https://www.nex789c.com/th-th/deposit
13:44:15 | INFO     | REENTER DEPOSIT PAGE - PAGE LOADED SUCCESSFULLY
13:44:15 | INFO     | REENTER DEPOSIT PAGE - DEPOSIT METHOD [คริปโต] BUTTON ARE CLICKED
13:44:15 | INFO     | REENTER DEPOSIT PAGE - DEPOSIT CHANNEL [FPAY-CRYPTO] BUTTON ARE CLICKED
13:44:15 | INFO     | REENTER DEPOSIT PAGE - MIN AMOUNT [200] ARE KEYED IN
13:44:15 | INFO     | TELEGRAM MESSAGE: [{'FPAY-CRYPTO_คริปโต': ['deposit success_2025-12-04 12:44:12']}]
13:44:16 | INFO     | METHOD: [คริปโต], CHANNEL: [FPAY-CRYPTO], STATUS: [deposit success], TIMESTAMP: [2025-12-04 12:44:12]
13:44:16 | INFO     | File [['NEX789_คริปโต_FPAY-CRYPTO_Payment_Page.png']]
13:44:16 | INFO     | TELEGRAM MESSAGE: [{'FPAY-CRYPTO_คริปโต': ['deposit success_2025-12-04 12:44:12']}]
13:44:17 | INFO     | TELEGRAM_MESSAGE:{'FPAY-CRYPTO_คริปโต': ['deposit success_2025-12-04 12:44:12']}
13:44:18 | INFO     | SUMMARY SENT
