15:05:37 | INFO     | ============================================================
15:05:37 | INFO     | NEX855 PAYMENT GATEWAY TEST STARTING...
15:05:37 | INFO     | STARTING TIME: 02-12-2025 14:05:37 GMT+7
15:05:37 | INFO     | ============================================================
15:05:39 | INFO     | LOGIN PROCESS - OPENING WEBSITE: https://www.nex855v1.com/en-th
15:05:41 | INFO     | LOGIN PROCESS - PAGE LOADED SUCCESSFULLY
15:05:53 | INFO     | LOGIN PROCESS - NOTIFICATION OVER 18 YEARS OLD ARE CLOSED
15:05:54 | INFO     | LOGIN PROCESS - LOGIN BUTTON ARE CLICKED
15:05:55 | INFO     | LOGIN PROCESS - USERNAME DONE KEYED
15:05:55 | INFO     | LOGIN PROCESS - PASSWORD DONE KEYED
15:05:55 | INFO     | LOGIN PROCESS - LOGIN BUTTON ARE CLICKED
15:06:25 | WARNING  | RETRY ROUND [1] ERROR: [LOGIN PROCESS - CLOSE BUTTON ARE FAILED TO CLICKED]
15:06:25 | INFO     | NETWORK ISSUE, STOP HALFWAY, RETRY FROM BEGINNING...
15:06:26 | INFO     | LOGIN PROCESS - OPENING WEBSITE: https://www.nex855v1.com/en-th
15:06:28 | INFO     | LOGIN PROCESS - PAGE LOADED SUCCESSFULLY
15:06:34 | INFO     | LOGIN PROCESS - NOTIFICATION OVER 18 YEARS OLD ARE CLOSED
15:06:34 | INFO     | LOGIN PROCESS - LOGIN BUTTON ARE CLICKED
15:06:35 | INFO     | LOGIN PROCESS - USERNAME DONE KEYED
15:06:35 | INFO     | LOGIN PROCESS - PASSWORD DONE KEYED
15:06:35 | INFO     | LOGIN PROCESS - LOGIN BUTTON ARE CLICKED
15:07:06 | WARNING  | RETRY ROUND [2] ERROR: [LOGIN PROCESS - CLOSE BUTTON ARE FAILED TO CLICKED]
15:07:06 | INFO     | NETWORK ISSUE, STOP HALFWAY, RETRY FROM BEGINNING...
15:07:06 | INFO     | LOGIN PROCESS - OPENING WEBSITE: https://www.nex855v1.com/en-th
15:07:08 | INFO     | LOGIN PROCESS - PAGE LOADED SUCCESSFULLY
15:07:13 | INFO     | LOGIN PROCESS - NOTIFICATION OVER 18 YEARS OLD ARE CLOSED
15:07:14 | INFO     | LOGIN PROCESS - LOGIN BUTTON ARE CLICKED
15:07:14 | INFO     | LOGIN PROCESS - USERNAME DONE KEYED
15:07:14 | INFO     | LOGIN PROCESS - PASSWORD DONE KEYED
15:07:15 | INFO     | LOGIN PROCESS - LOGIN BUTTON ARE CLICKED
15:07:49 | WARNING  | RETRY ROUND [3] ERROR: [LOGIN PROCESS - CLOSE BUTTON ARE FAILED TO CLICKED]
15:07:49 | INFO     | NETWORK ISSUE, STOP HALFWAY, RETRY FROM BEGINNING...
15:07:49 | WARNING  | REACHED MAX RETRY, STOP SCRIPT
15:07:49 | INFO     | TELEGRAM MESSAGE: [{}]
15:07:54 | INFO     | FAILURE MESSAGE SENT
