10:16:19 | INFO     | ============================================================
10:16:19 | INFO     | SIAM369 PAYMENT GATEWAY TEST STARTING...
10:16:19 | INFO     | STARTING TIME: 10-12-2025 09:16:19 GMT+7
10:16:19 | INFO     | ============================================================
10:16:20 | INFO     | LOGIN PROCESS - OPENING WEBSITE: https://www.siam369th.com/en-th
10:16:27 | INFO     | LOGIN PROCESS - PAGE LOADED SUCCESSFULLY
10:16:27 | INFO     | LOGIN PROCESS - LOGIN BUTTON ARE CLICKED
10:16:29 | INFO     | LOGIN PROCESS - USERNAME DONE KEYED
10:16:29 | INFO     | LOGIN PROCESS - PASSWORD DONE KEYED
10:16:30 | INFO     | LOGIN PROCESS - DEPOSIT BUTTON ARE CLICKED
10:16:32 | INFO     | PERFORM PAYMENT GATEWAY TEST - DEPOSIT METHOD [ฝากเงินด่วน] BUTTON ARE CLICKED
10:16:32 | INFO     | URL AFTER DEPOSIT METHOD [ฝากเงินด่วน] BUTTON CLICK: [https://www.siam369v1.com/en-th/deposit]
10:16:32 | INFO     | FOUND [1] DEPOSIT CHANNEL FOR DEPOSIT METHOD [ฝากเงินด่วน]
10:16:32 | INFO     | DEPOSIT CHANNEL [Government Savings Bank] 
10:16:32 | INFO     | DEPOSIT CHANNEL [Government Savings Bank] IS NOT PAYMENT GATEWAY, SKIPPING CHECK...
10:16:32 | INFO     | PERFORM PAYMENT GATEWAY TEST - DEPOSIT METHOD [ธนาคารออนไลน์] BUTTON ARE CLICKED
10:16:32 | INFO     | URL AFTER DEPOSIT METHOD [ธนาคารออนไลน์] BUTTON CLICK: [https://www.siam369v1.com/en-th/deposit]
10:16:32 | INFO     | FOUND [1] DEPOSIT CHANNEL FOR DEPOSIT METHOD [ธนาคารออนไลน์]
10:16:32 | INFO     | DEPOSIT CHANNEL [BAOYUANPAY] 
10:16:32 | INFO     | PERFORM PAYMENT GATEWAY TEST - DEPOSIT CHANNEL [BAOYUANPAY] BUTTON ARE CLICKED
10:16:32 | INFO     | MONEY INPUT RANGE AMOUNT: [Enter Deposit Amount
฿ 100
 - 
฿ 20,000]
10:16:32 | INFO     | MINIMUM INPUT AMOUNT TO TEST: [100]
10:16:32 | INFO     | PERFORM PAYMENT GATEWAY TEST - MIN AMOUNT [100] ARE KEYED IN
10:16:32 | INFO     | URL JUMP CHECK - เติมเงิน/DEPOSIT TOP UP BUTTON ARE CLICKED
10:16:42 | INFO     | NO NAVIGATION HAPPENED, STAYS ON SAME PAGE [https://www.siam369v1.com/en-th/deposit]
10:16:49 | INFO     | NO MANUAL BANK TEXT FOUND:cannot access local variable 'e' where it is not associated with a value
10:16:49 | INFO     | IFRAME/POP UP APPEARED. IFRAME COUNT:2
10:16:49 | INFO     | QR DETECTED
10:16:49 | INFO     | Trying to goto URL attempt 1/3: https://www.siam369v1.com/en-th/deposit
10:16:53 | INFO     | REENTER DEPOSIT PAGE - PAGE LOADED SUCCESSFULLY
10:16:53 | INFO     | REENTER DEPOSIT PAGE - DEPOSIT METHOD [ธนาคารออนไลน์] BUTTON ARE CLICKED
10:16:53 | INFO     | REENTER DEPOSIT PAGE - DEPOSIT CHANNEL [BAOYUANPAY] BUTTON ARE CLICKED
10:16:53 | INFO     | REENTER DEPOSIT PAGE - MIN AMOUNT [100] ARE KEYED IN
10:16:54 | INFO     | PERFORM PAYMENT GATEWAY TEST - DEPOSIT METHOD [ชำระเงินทันที] BUTTON ARE CLICKED
10:16:54 | INFO     | URL AFTER DEPOSIT METHOD [ชำระเงินทันที] BUTTON CLICK: [https://www.siam369v1.com/en-th/deposit]
10:16:54 | INFO     | FOUND [1] DEPOSIT CHANNEL FOR DEPOSIT METHOD [ชำระเงินทันที]
10:16:54 | INFO     | DEPOSIT CHANNEL [BAOYUANPAY] 
10:16:54 | INFO     | PERFORM PAYMENT GATEWAY TEST - DEPOSIT CHANNEL [BAOYUANPAY] BUTTON ARE CLICKED
10:16:54 | INFO     | MONEY INPUT RANGE AMOUNT: [Enter Deposit Amount
฿ 100
 - 
฿ 20,000]
10:16:54 | INFO     | MINIMUM INPUT AMOUNT TO TEST: [100]
10:16:54 | INFO     | PERFORM PAYMENT GATEWAY TEST - MIN AMOUNT [100] ARE KEYED IN
10:16:54 | INFO     | URL JUMP CHECK - เติมเงิน/DEPOSIT TOP UP BUTTON ARE CLICKED
10:17:04 | INFO     | NO NAVIGATION HAPPENED, STAYS ON SAME PAGE [https://www.siam369v1.com/en-th/deposit]
10:17:04 | INFO     | NO MANUAL BANK TEXT FOUND:cannot access local variable 'e' where it is not associated with a value
10:17:04 | INFO     | IFRAME/POP UP APPEARED. IFRAME COUNT:1
10:17:04 | INFO     | QR DETECTED
10:17:04 | INFO     | Trying to goto URL attempt 1/3: https://www.siam369v1.com/en-th/deposit
10:17:07 | INFO     | REENTER DEPOSIT PAGE - PAGE LOADED SUCCESSFULLY
10:17:07 | INFO     | REENTER DEPOSIT PAGE - DEPOSIT METHOD [ชำระเงินทันที] BUTTON ARE CLICKED
10:17:07 | INFO     | REENTER DEPOSIT PAGE - DEPOSIT CHANNEL [BAOYUANPAY] BUTTON ARE CLICKED
10:17:07 | INFO     | REENTER DEPOSIT PAGE - MIN AMOUNT [100] ARE KEYED IN
10:17:07 | INFO     | PERFORM PAYMENT GATEWAY TEST - DEPOSIT METHOD [ทรูมันนี่ วอลเล็ท] BUTTON ARE CLICKED
10:17:07 | INFO     | URL AFTER DEPOSIT METHOD [ทรูมันนี่ วอลเล็ท] BUTTON CLICK: [https://www.siam369v1.com/en-th/deposit]
10:17:07 | INFO     | FOUND [1] DEPOSIT CHANNEL FOR DEPOSIT METHOD [ทรูมันนี่ วอลเล็ท]
10:17:07 | INFO     | DEPOSIT CHANNEL [BAOYUANPAY] 
10:17:07 | INFO     | PERFORM PAYMENT GATEWAY TEST - DEPOSIT CHANNEL [BAOYUANPAY] BUTTON ARE CLICKED
10:17:07 | INFO     | MONEY INPUT RANGE AMOUNT: [Enter Deposit Amount
฿ 100
 - 
฿ 20,000]
10:17:07 | INFO     | MINIMUM INPUT AMOUNT TO TEST: [100]
10:17:07 | INFO     | PERFORM PAYMENT GATEWAY TEST - MIN AMOUNT [100] ARE KEYED IN
10:17:07 | INFO     | URL JUMP CHECK - เติมเงิน/DEPOSIT TOP UP BUTTON ARE CLICKED
10:17:17 | INFO     | NO NAVIGATION HAPPENED, STAYS ON SAME PAGE [https://www.siam369v1.com/en-th/deposit]
10:17:17 | INFO     | NO MANUAL BANK TEXT FOUND:cannot access local variable 'e' where it is not associated with a value
10:17:17 | INFO     | IFRAME/POP UP APPEARED. IFRAME COUNT:0
10:17:48 | INFO     | CHECK TOAST - DEPOSIT METHOD [ทรูมันนี่ วอลเล็ท] BUTTON ARE CLICKED
10:17:48 | INFO     | CHECK TOAST - DEPOSIT CHANNEL [BAOYUANPAY] BUTTON ARE CLICKED
10:17:48 | INFO     | CHECK TOAST - MIN AMOUNT [100] ARE KEYED IN
10:17:48 | INFO     | CHECK TOAST - เติมเงิน/DEPOSIT TOP UP BUTTON ARE CLICKED
10:17:50 | INFO     | DEPOSIT METHOD:BAOYUANPAY, DEPOSIT CHANNEL:ทรูมันนี่ วอลเล็ท GOT PROBLEM. DETAILS:[Payment gateway is currently under maintenance now]
10:17:50 | INFO     | TOAST DETECTED
10:17:50 | INFO     | TELEGRAM MESSAGE: [{'BAOYUANPAY_ธนาคารออนไลน์': ['deposit success_2025-12-10 09:16:49'], 'BAOYUANPAY_ชำระเงินทันที': ['deposit success_2025-12-10 09:17:04'], 'BAOYUANPAY_ทรูมันนี่ วอลเล็ท': ['deposit failed_2025-12-10 09:17:50']}]
10:17:51 | INFO     | METHOD: [ธนาคารออนไลน์], CHANNEL: [BAOYUANPAY], STATUS: [deposit success], TIMESTAMP: [2025-12-10 09:16:49]
10:17:51 | INFO     | File [['SIAM369_ธนาคารออนไลน์_BAOYUANPAY_Payment_Page.png']]
10:17:51 | INFO     | METHOD: [ชำระเงินทันที], CHANNEL: [BAOYUANPAY], STATUS: [deposit success], TIMESTAMP: [2025-12-10 09:17:04]
10:17:51 | INFO     | File [['SIAM369_ชำระเงินทันที_BAOYUANPAY_Payment_Page.png']]
10:17:51 | INFO     | METHOD: [ทรูมันนี่ วอลเล็ท], CHANNEL: [BAOYUANPAY], STATUS: [deposit failed], TIMESTAMP: [2025-12-10 09:17:50]
10:17:51 | INFO     | File [['SIAM369_ทรูมันนี่ วอลเล็ท_BAOYUANPAY_Payment_Page.png']]
10:17:55 | INFO     | SCREENSHOT SUCCESSFULLY SENT
10:17:55 | INFO     | TELEGRAM MESSAGE: [{'BAOYUANPAY_ธนาคารออนไลน์': ['deposit success_2025-12-10 09:16:49'], 'BAOYUANPAY_ชำระเงินทันที': ['deposit success_2025-12-10 09:17:04'], 'BAOYUANPAY_ทรูมันนี่ วอลเล็ท': ['deposit failed_2025-12-10 09:17:50']}]
10:17:56 | INFO     | TELEGRAM_MESSAGE:{'BAOYUANPAY_ธนาคารออนไลน์': ['deposit success_2025-12-10 09:16:49'], 'BAOYUANPAY_ชำระเงินทันที': ['deposit success_2025-12-10 09:17:04'], 'BAOYUANPAY_ทรูมันนี่ วอลเล็ท': ['deposit failed_2025-12-10 09:17:50']}
10:17:58 | INFO     | SUMMARY SENT
