17:12:55 | INFO     | ============================================================
17:12:55 | INFO     | SIAM66 PAYMENT GATEWAY TEST STARTING...
17:12:55 | INFO     | STARTING TIME: 10-12-2025 16:12:55 GMT+7
17:12:55 | INFO     | ============================================================
17:12:55 | INFO     | LOGIN PROCESS - OPENING WEBSITE: https://www.siam66.com/en-th
17:12:57 | WARNING  | LOGIN PROCESS - PAGE LOADED FAILED, RETRYING
17:12:59 | INFO     | LOGIN PROCESS - OPENING WEBSITE: https://www.siam66.com/en-th
17:12:59 | WARNING  | LOGIN PROCESS - PAGE LOADED FAILED, RETRYING
17:13:01 | INFO     | LOGIN PROCESS - OPENING WEBSITE: https://www.siam66.com/en-th
17:13:01 | WARNING  | LOGIN PROCESS - PAGE LOADED FAILED, RETRYING
17:13:03 | WARNING  | RETRY ROUND [1] ERROR: [LOGIN PROCESS - RETRY 3 TIMES....PAGE LOADED FAILED]
17:13:03 | INFO     | NETWORK ISSUE, STOP HALFWAY, RETRY FROM BEGINNING...
17:13:03 | INFO     | LOGIN PROCESS - OPENING WEBSITE: https://www.siam66.com/en-th
17:13:04 | WARNING  | LOGIN PROCESS - PAGE LOADED FAILED, RETRYING
17:13:06 | INFO     | LOGIN PROCESS - OPENING WEBSITE: https://www.siam66.com/en-th
17:13:06 | WARNING  | LOGIN PROCESS - PAGE LOADED FAILED, RETRYING
17:13:08 | INFO     | LOGIN PROCESS - OPENING WEBSITE: https://www.siam66.com/en-th
17:13:08 | WARNING  | LOGIN PROCESS - PAGE LOADED FAILED, RETRYING
17:13:10 | WARNING  | RETRY ROUND [2] ERROR: [LOGIN PROCESS - RETRY 3 TIMES....PAGE LOADED FAILED]
17:13:10 | INFO     | NETWORK ISSUE, STOP HALFWAY, RETRY FROM BEGINNING...
17:13:11 | INFO     | LOGIN PROCESS - OPENING WEBSITE: https://www.siam66.com/en-th
17:13:12 | WARNING  | LOGIN PROCESS - PAGE LOADED FAILED, RETRYING
17:13:14 | INFO     | LOGIN PROCESS - OPENING WEBSITE: https://www.siam66.com/en-th
17:13:14 | WARNING  | LOGIN PROCESS - PAGE LOADED FAILED, RETRYING
17:13:16 | INFO     | LOGIN PROCESS - OPENING WEBSITE: https://www.siam66.com/en-th
17:13:16 | WARNING  | LOGIN PROCESS - PAGE LOADED FAILED, RETRYING
17:13:18 | WARNING  | RETRY ROUND [3] ERROR: [LOGIN PROCESS - RETRY 3 TIMES....PAGE LOADED FAILED]
17:13:18 | INFO     | NETWORK ISSUE, STOP HALFWAY, RETRY FROM BEGINNING...
17:13:18 | WARNING  | REACHED MAX RETRY, STOP SCRIPT
17:13:18 | INFO     | TELEGRAM MESSAGE: [{}]
17:13:21 | INFO     | FAILURE MESSAGE SENT
