10:25:48 | INFO     | ============================================================
10:25:48 | INFO     | SIAM345 PAYMENT GATEWAY TEST STARTING...
10:25:48 | INFO     | STARTING TIME: 10-12-2025 09:25:48 GMT+7
10:25:48 | INFO     | ============================================================
10:25:48 | INFO     | LOGIN PROCESS - OPENING WEBSITE: https://www.siam345.com/en-th
10:25:56 | INFO     | LOGIN PROCESS - PAGE LOADED SUCCESSFULLY
10:26:19 | INFO     | LOGIN PROCESS - CLOSE SLIDEDOWN BUTTON ARE CLICKED
10:26:20 | INFO     | LOGIN PROCESS - LOGIN BUTTON (1) ARE CLICKED
10:26:30 | INFO     | LOGIN PROCESS - LOGIN BUTTON (2) ARE FAILED TO CLICK
10:26:30 | INFO     | LOGIN PROCESS - USERNAME DONE KEYED
10:26:30 | INFO     | LOGIN PROCESS - PASSWORD DONE KEYED
10:26:33 | INFO     | LOGIN PROCESS - ADVERTISEMENT CLOSE BUTTON ARE CLICKED
10:26:34 | INFO     | LOGIN PROCESS - DEPOSIT BUTTON ARE CLICKED
10:26:35 | INFO     | Deposit method button count:1
10:26:35 | INFO     | PERFORM PAYMENT GATEWAY TEST - DEPOSIT METHOD [ฝากเงินด่วน] BUTTON ARE CLICKED
10:26:35 | INFO     | URL AFTER DEPOSIT METHOD [ฝากเงินด่วน] BUTTON CLICK: [https://www.siam345.net/en-th/deposit]
10:26:35 | INFO     | FOUND [1] DEPOSIT CHANNEL FOR DEPOSIT METHOD [ฝากเงินด่วน]
10:26:35 | INFO     | DEPOSIT CHANNEL [SUNTHON PEARACHAI] 
10:26:35 | INFO     | PERFORM PAYMENT GATEWAY TEST - DEPOSIT CHANNEL [SUNTHON PEARACHAI] BUTTON ARE CLICKED
10:26:35 | INFO     | MONEY INPUT RANGE AMOUNT: [Enter Deposit Amount
฿ 50
 - 
฿ 1,000,000]
10:26:35 | INFO     | MINIMUM INPUT AMOUNT TO TEST: [50]
10:26:35 | INFO     | PERFORM PAYMENT GATEWAY TEST - MIN AMOUNT [50] ARE KEYED IN
10:26:35 | INFO     | URL JUMP CHECK - เติมเงิน/DEPOSIT TOP UP BUTTON ARE CLICKED
10:26:45 | INFO     | NO NAVIGATION HAPPENED, STAYS ON SAME PAGE [https://www.siam345.net/en-th/deposit]
10:26:46 | INFO     | MANUAL BANK TEXT:Bank Name:
10:26:46 | INFO     | Trying to goto URL attempt 1/3: https://www.siam345.net/en-th/deposit
10:26:48 | INFO     | REENTER DEPOSIT PAGE - PAGE LOADED SUCCESSFULLY
10:26:50 | INFO     | REENTER DEPOSIT PAGE - DEPOSIT METHOD [ฝากเงินด่วน] BUTTON ARE CLICKED
10:26:50 | INFO     | REENTER DEPOSIT PAGE - DEPOSIT CHANNEL [SUNTHON PEARACHAI] BUTTON ARE CLICKED
10:26:50 | INFO     | REENTER DEPOSIT PAGE - MIN AMOUNT [50] ARE KEYED IN
10:26:50 | INFO     | MANUAL BANK TEXT FOUND:Bank Name:
10:26:50 | INFO     | DEPOSIT CHANNEL [SUNTHON PEARACHAI] IS NOT PAYMENT GATEWAY, SKIPPING CHECK...
10:26:50 | INFO     | TELEGRAM MESSAGE: [{}]
10:26:51 | INFO     | TELEGRAM MESSAGE: [{}]
10:26:52 | INFO     | TELEGRAM_MESSAGE:{}
10:26:52 | ERROR    | SUMMARY FAILED TO SENT: cannot access local variable 'caption' where it is not associated with a value
10:26:52 | ERROR    | SUMMARY FAILED TO SENT: cannot access local variable 'caption' where it is not associated with a value
10:26:52 | ERROR    | SUMMARY FAILED TO SENT: cannot access local variable 'caption' where it is not associated with a value
