16:35:33 | INFO     | ============================================================
16:35:33 | INFO     | SIAM212 PAYMENT GATEWAY TEST STARTING...
16:35:33 | INFO     | STARTING TIME: 03-12-2025 15:35:33 GMT+7
16:35:33 | INFO     | ============================================================
16:35:34 | INFO     | LOGIN PROCESS - OPENING WEBSITE: https://www.siam212th11.com/en-th
16:35:36 | INFO     | LOGIN PROCESS - PAGE LOADED SUCCESSFULLY
16:36:06 | INFO     | LOGIN PROCESS - CHAT ICON BOX DIDN'T APPEARED
16:36:06 | INFO     | LOGIN PROCESS - LOGIN BUTTON (1) ARE CLICKED
16:36:16 | INFO     | LOGIN PROCESS - LOGIN BUTTON (2) ARE FAILED TO CLICK
16:36:17 | INFO     | LOGIN PROCESS - USERNAME DONE KEYED
16:36:17 | INFO     | LOGIN PROCESS - PASSWORD DONE KEYED
16:36:19 | INFO     | LOGIN PROCESS - ADVERTISEMENT CLOSE BUTTON ARE CLICKED
16:36:19 | INFO     | LOGIN PROCESS - DEPOSIT BUTTON ARE CLICKED
16:36:20 | INFO     | Deposit method button count:3
16:36:20 | INFO     | PERFORM PAYMENT GATEWAY TEST - DEPOSIT METHOD [ฝากเงินด่วน] BUTTON ARE CLICKED
16:36:20 | INFO     | URL AFTER DEPOSIT METHOD [ฝากเงินด่วน] BUTTON CLICK: [https://www.siam212th11.com/en-th/deposit]
16:36:20 | INFO     | FOUND [1] DEPOSIT CHANNEL FOR DEPOSIT METHOD [ฝากเงินด่วน]
16:36:20 | INFO     | DEPOSIT CHANNEL [Teerapat Sriubon] 
16:36:20 | INFO     | PERFORM PAYMENT GATEWAY TEST - DEPOSIT CHANNEL [Teerapat Sriubon] BUTTON ARE CLICKED
16:36:20 | INFO     | MONEY INPUT RANGE AMOUNT: [Enter Deposit Amount
฿ 100
 - 
฿ 500,000]
16:36:20 | INFO     | MINIMUM INPUT AMOUNT TO TEST: [100]
16:36:21 | INFO     | PERFORM PAYMENT GATEWAY TEST - MIN AMOUNT [100] ARE KEYED IN
16:36:21 | INFO     | URL JUMP CHECK - เติมเงิน/DEPOSIT TOP UP BUTTON ARE CLICKED
16:36:31 | INFO     | NO NAVIGATION HAPPENED, STAYS ON SAME PAGE [https://www.siam212th11.com/en-th/deposit]
16:36:31 | INFO     | MANUAL BANK TEXT:Bank Name:
16:36:31 | INFO     | Trying to goto URL attempt 1/3: https://www.siam212th11.com/en-th/deposit
16:36:33 | INFO     | REENTER DEPOSIT PAGE - PAGE LOADED SUCCESSFULLY
16:36:33 | INFO     | REENTER DEPOSIT PAGE - DEPOSIT METHOD [ฝากเงินด่วน] BUTTON ARE CLICKED
16:36:33 | INFO     | REENTER DEPOSIT PAGE - DEPOSIT CHANNEL [Teerapat Sriubon] BUTTON ARE CLICKED
16:36:33 | INFO     | REENTER DEPOSIT PAGE - MIN AMOUNT [100] ARE KEYED IN
16:36:33 | INFO     | MANUAL BANK TEXT FOUND:Bank Name:
16:36:33 | INFO     | DEPOSIT CHANNEL [Teerapat Sriubon] IS NOT PAYMENT GATEWAY, SKIPPING CHECK...
16:36:34 | INFO     | PERFORM PAYMENT GATEWAY TEST - DEPOSIT METHOD [เติมเงินผ่าน QR] BUTTON ARE CLICKED
16:36:34 | INFO     | URL AFTER DEPOSIT METHOD [เติมเงินผ่าน QR] BUTTON CLICK: [https://www.siam212th11.com/en-th/deposit]
16:36:34 | INFO     | FOUND [1] DEPOSIT CHANNEL FOR DEPOSIT METHOD [เติมเงินผ่าน QR]
16:36:34 | INFO     | DEPOSIT CHANNEL [MSSTHAIPAY] 
16:36:34 | INFO     | PERFORM PAYMENT GATEWAY TEST - DEPOSIT CHANNEL [MSSTHAIPAY] BUTTON ARE CLICKED
16:36:34 | INFO     | MONEY INPUT RANGE AMOUNT: [Enter Deposit Amount
฿ 100
 - 
฿ 500,000]
16:36:34 | INFO     | MINIMUM INPUT AMOUNT TO TEST: [100]
16:36:34 | INFO     | PERFORM PAYMENT GATEWAY TEST - MIN AMOUNT [100] ARE KEYED IN
16:36:34 | INFO     | URL JUMP CHECK - เติมเงิน/DEPOSIT TOP UP BUTTON ARE CLICKED
16:36:44 | INFO     | NO NAVIGATION HAPPENED, STAYS ON SAME PAGE [https://www.siam212th11.com/en-th/deposit]
16:36:44 | INFO     | NO MANUAL BANK TEXT FOUND:cannot access local variable 'e' where it is not associated with a value
16:36:44 | INFO     | IFRAME/POP UP APPEARED. IFRAME COUNT:2
16:36:49 | INFO     | QR_CODE_CHECK LOOP SELECTOR:Locator.wait_for: Timeout 5000ms exceeded.
Call log:
  - waiting for locator("iframe").nth(1).content_frame.locator("div[id*='qr' i]")

16:36:54 | INFO     | QR_CODE_CHECK LOOP SELECTOR:Locator.wait_for: Timeout 5000ms exceeded.
Call log:
  - waiting for locator("iframe").nth(1).content_frame.locator("div#qrcode-container")

16:36:59 | INFO     | QR_CODE_CHECK LOOP SELECTOR:Locator.wait_for: Timeout 5000ms exceeded.
Call log:
  - waiting for locator("iframe").nth(1).content_frame.locator("div#dowloadQr")

16:36:59 | INFO     | QR DETECTED
16:36:59 | INFO     | Trying to goto URL attempt 1/3: https://www.siam212th11.com/en-th/deposit
16:37:01 | INFO     | REENTER DEPOSIT PAGE - PAGE LOADED SUCCESSFULLY
16:37:02 | INFO     | REENTER DEPOSIT PAGE - DEPOSIT METHOD [เติมเงินผ่าน QR] BUTTON ARE CLICKED
16:37:02 | INFO     | REENTER DEPOSIT PAGE - DEPOSIT CHANNEL [MSSTHAIPAY] BUTTON ARE CLICKED
16:37:02 | INFO     | REENTER DEPOSIT PAGE - MIN AMOUNT [100] ARE KEYED IN
16:37:02 | INFO     | PERFORM PAYMENT GATEWAY TEST - DEPOSIT METHOD [คริปโต] BUTTON ARE CLICKED
16:37:02 | INFO     | URL AFTER DEPOSIT METHOD [คริปโต] BUTTON CLICK: [https://www.siam212th11.com/en-th/deposit]
16:37:02 | INFO     | FOUND [1] DEPOSIT CHANNEL FOR DEPOSIT METHOD [คริปโต]
16:37:02 | INFO     | DEPOSIT CHANNEL [FPAY-CRYPTO] 
16:37:02 | INFO     | PERFORM PAYMENT GATEWAY TEST - DEPOSIT CHANNEL [FPAY-CRYPTO] BUTTON ARE CLICKED
16:37:02 | INFO     | MONEY INPUT RANGE AMOUNT: [Enter Deposit Amount
฿ 200
 - 
฿ 170,000]
16:37:02 | INFO     | MINIMUM INPUT AMOUNT TO TEST: [200]
16:37:02 | INFO     | PERFORM PAYMENT GATEWAY TEST - MIN AMOUNT [200] ARE KEYED IN
16:37:02 | INFO     | URL JUMP CHECK - เติมเงิน/DEPOSIT TOP UP BUTTON ARE CLICKED
16:37:09 | INFO     | LOADING INTO NEW PAGE [https://portal.fpay.support/ext_info?i=73484391&t=6e8510e79584b273c68c5d8370a0951f]
16:37:19 | INFO     | NEW PAGE [https://portal.fpay.support/ext_info?i=73484391&t=6e8510e79584b273c68c5d8370a0951f] LOADED SUCCESSFULLY
16:37:19 | INFO     | NO MANUAL BANK TEXT FOUND:cannot access local variable 'e' where it is not associated with a value
16:37:19 | INFO     | SCRIPT STATUS: URL JUMP SUCCESS, PAYMENT PAGE SUCCESS LOAD
16:37:19 | INFO     | Trying to goto URL attempt 1/3: https://www.siam212th11.com/en-th/deposit
16:37:22 | INFO     | REENTER DEPOSIT PAGE - PAGE LOADED SUCCESSFULLY
16:37:22 | INFO     | REENTER DEPOSIT PAGE - DEPOSIT METHOD [คริปโต] BUTTON ARE CLICKED
16:37:22 | INFO     | REENTER DEPOSIT PAGE - DEPOSIT CHANNEL [FPAY-CRYPTO] BUTTON ARE CLICKED
16:37:22 | INFO     | REENTER DEPOSIT PAGE - MIN AMOUNT [200] ARE KEYED IN
16:37:22 | INFO     | TELEGRAM MESSAGE: [{'MSSTHAIPAY_เติมเงินผ่าน QR': ['deposit success_2025-12-03 15:36:59'], 'FPAY-CRYPTO_คริปโต': ['deposit success_2025-12-03 15:37:19']}]
16:37:23 | INFO     | METHOD: [เติมเงินผ่าน QR], CHANNEL: [MSSTHAIPAY], STATUS: [deposit success], TIMESTAMP: [2025-12-03 15:36:59]
16:37:23 | INFO     | File [['SIAM212_เติมเงินผ่าน QR_MSSTHAIPAY_Payment_Page.png']]
16:37:23 | INFO     | METHOD: [คริปโต], CHANNEL: [FPAY-CRYPTO], STATUS: [deposit success], TIMESTAMP: [2025-12-03 15:37:19]
16:37:23 | INFO     | File [['SIAM212_คริปโต_FPAY-CRYPTO_Payment_Page.png']]
16:37:23 | INFO     | TELEGRAM MESSAGE: [{'MSSTHAIPAY_เติมเงินผ่าน QR': ['deposit success_2025-12-03 15:36:59'], 'FPAY-CRYPTO_คริปโต': ['deposit success_2025-12-03 15:37:19']}]
16:37:24 | INFO     | TELEGRAM_MESSAGE:{'MSSTHAIPAY_เติมเงินผ่าน QR': ['deposit success_2025-12-03 15:36:59'], 'FPAY-CRYPTO_คริปโต': ['deposit success_2025-12-03 15:37:19']}
16:37:32 | WARNING  | TELEGRAM TIMEOUT，RETRY 1/3...
16:37:36 | INFO     | SUMMARY SENT
