10:10:52 | INFO     | ============================================================
10:10:52 | INFO     | SING55 PAYMENT GATEWAY TEST STARTING...
10:10:52 | INFO     | STARTING TIME: 10-12-2025 09:10:52 GMT+7
10:10:52 | INFO     | ============================================================
10:10:52 | INFO     | LOGIN PROCESS - OPENING WEBSITE: https://www.sing55.com/en-th
10:11:00 | INFO     | LOGIN PROCESS - PAGE LOADED SUCCESSFULLY
10:11:19 | INFO     | LOGIN PROCESS - CLOSE SLIDEDOWN BUTTON SUCCESS TO CLICK
10:11:20 | INFO     | LOGIN PROCESS - LOGIN BUTTON ARE CLICKED
10:11:20 | INFO     | LOGIN PROCESS - USERNAME DONE KEYED
10:11:20 | INFO     | LOGIN PROCESS - PASSWORD DONE KEYED
10:11:22 | INFO     | LOGIN PROCESS - ADVERTISEMENT CLOSE BUTTON ARE CLICKED
10:11:23 | INFO     | LOGIN PROCESS - DEPOSIT BUTTON ARE CLICKED
10:11:24 | INFO     | PERFORM PAYMENT GATEWAY TEST - DEPOSIT METHOD [ThaiQR] BUTTON ARE CLICKED
10:11:24 | INFO     | URL AFTER DEPOSIT METHOD [ThaiQR] BUTTON CLICK: [https://www.sing55th2.com/en-th/deposit]
10:11:24 | INFO     | FOUND [1] DEPOSIT CHANNEL FOR DEPOSIT METHOD [ThaiQR]
10:11:24 | INFO     | DEPOSIT CHANNEL [CYPAY] 
10:11:24 | INFO     | PERFORM PAYMENT GATEWAY TEST - DEPOSIT CHANNEL [CYPAY] BUTTON ARE CLICKED
10:11:24 | INFO     | MONEY INPUT RANGE AMOUNT: [Enter Deposit Amount
฿ 100
 - 
฿ 200,000]
10:11:24 | INFO     | MINIMUM INPUT AMOUNT TO TEST: [100]
10:11:24 | INFO     | PERFORM PAYMENT GATEWAY TEST - MIN AMOUNT [100] ARE KEYED IN
10:11:24 | INFO     | URL JUMP CHECK - เติมเงิน/DEPOSIT TOP UP BUTTON ARE CLICKED
10:11:34 | INFO     | NO NAVIGATION HAPPENED, STAYS ON SAME PAGE [https://www.sing55th2.com/en-th/deposit]
10:11:34 | INFO     | NO MANUAL BANK TEXT FOUND:cannot access local variable 'e' where it is not associated with a value
10:11:34 | INFO     | IFRAME/POP UP APPEARED. IFRAME COUNT:1
10:11:44 | INFO     | QR DETECTED
10:11:44 | INFO     | Trying to goto URL attempt 1/3: https://www.sing55th2.com/en-th/deposit
10:11:47 | INFO     | REENTER DEPOSIT PAGE - PAGE LOADED SUCCESSFULLY
10:11:49 | INFO     | REENTER DEPOSIT PAGE - DEPOSIT METHOD [ThaiQR] BUTTON ARE CLICKED
10:11:49 | INFO     | REENTER DEPOSIT PAGE - DEPOSIT CHANNEL [CYPAY] BUTTON ARE CLICKED
10:11:49 | INFO     | REENTER DEPOSIT PAGE - MIN AMOUNT [100] ARE KEYED IN
10:11:49 | INFO     | PERFORM PAYMENT GATEWAY TEST - DEPOSIT METHOD [ฝากแนบสลิป] BUTTON ARE CLICKED
10:11:49 | INFO     | URL AFTER DEPOSIT METHOD [ฝากแนบสลิป] BUTTON CLICK: [https://www.sing55th2.com/en-th/deposit]
10:11:49 | INFO     | FOUND [1] DEPOSIT CHANNEL FOR DEPOSIT METHOD [ฝากแนบสลิป]
10:11:49 | INFO     | DEPOSIT CHANNEL [KBANK] 
10:11:49 | INFO     | PERFORM PAYMENT GATEWAY TEST - DEPOSIT CHANNEL [KBANK] BUTTON ARE CLICKED
10:11:49 | INFO     | MONEY INPUT RANGE AMOUNT: [Enter Deposit Amount
฿ 50
 - 
฿ 500,000]
10:11:49 | INFO     | MINIMUM INPUT AMOUNT TO TEST: [50]
10:11:49 | INFO     | PERFORM PAYMENT GATEWAY TEST - MIN AMOUNT [50] ARE KEYED IN
10:11:49 | INFO     | URL JUMP CHECK - เติมเงิน/DEPOSIT TOP UP BUTTON ARE CLICKED
10:11:59 | INFO     | NO NAVIGATION HAPPENED, STAYS ON SAME PAGE [https://www.sing55th2.com/en-th/deposit]
10:12:02 | INFO     | MANUAL BANK TEXT:Bank Name:
10:12:02 | INFO     | Trying to goto URL attempt 1/3: https://www.sing55th2.com/en-th/deposit
10:12:05 | INFO     | REENTER DEPOSIT PAGE - PAGE LOADED SUCCESSFULLY
10:12:07 | INFO     | REENTER DEPOSIT PAGE - DEPOSIT METHOD [ฝากแนบสลิป] BUTTON ARE CLICKED
10:12:09 | INFO     | REENTER DEPOSIT PAGE - DEPOSIT CHANNEL [KBANK] BUTTON ARE CLICKED
10:12:11 | INFO     | REENTER DEPOSIT PAGE - MIN AMOUNT [50] ARE KEYED IN
10:12:11 | INFO     | MANUAL BANK TEXT FOUND:Bank Name:
10:12:11 | INFO     | DEPOSIT CHANNEL [KBANK] IS NOT PAYMENT GATEWAY, SKIPPING CHECK...
10:12:13 | INFO     | PERFORM PAYMENT GATEWAY TEST - DEPOSIT METHOD [ธนาคารออนไลน์] BUTTON ARE CLICKED
10:12:13 | INFO     | URL AFTER DEPOSIT METHOD [ธนาคารออนไลน์] BUTTON CLICK: [https://www.sing55th2.com/en-th/deposit]
10:12:13 | INFO     | FOUND [1] DEPOSIT CHANNEL FOR DEPOSIT METHOD [ธนาคารออนไลน์]
10:12:13 | INFO     | DEPOSIT CHANNEL [BAOYUANPAY] 
10:12:15 | INFO     | PERFORM PAYMENT GATEWAY TEST - DEPOSIT CHANNEL [BAOYUANPAY] BUTTON ARE CLICKED
10:12:15 | INFO     | MONEY INPUT RANGE AMOUNT: [Enter Deposit Amount
฿ 100
 - 
฿ 20,000]
10:12:15 | INFO     | MINIMUM INPUT AMOUNT TO TEST: [100]
10:12:17 | INFO     | PERFORM PAYMENT GATEWAY TEST - MIN AMOUNT [100] ARE KEYED IN
10:12:19 | INFO     | URL JUMP CHECK - เติมเงิน/DEPOSIT TOP UP BUTTON ARE CLICKED
10:12:27 | INFO     | NO NAVIGATION HAPPENED, STAYS ON SAME PAGE [https://www.sing55th2.com/en-th/deposit]
10:12:29 | INFO     | NO MANUAL BANK TEXT FOUND:cannot access local variable 'e' where it is not associated with a value
10:12:29 | INFO     | IFRAME/POP UP APPEARED. IFRAME COUNT:1
10:12:29 | INFO     | QR DETECTED
10:12:29 | INFO     | Trying to goto URL attempt 1/3: https://www.sing55th2.com/en-th/deposit
10:12:32 | INFO     | REENTER DEPOSIT PAGE - PAGE LOADED SUCCESSFULLY
10:12:33 | INFO     | REENTER DEPOSIT PAGE - DEPOSIT METHOD [ธนาคารออนไลน์] BUTTON ARE CLICKED
10:12:35 | INFO     | REENTER DEPOSIT PAGE - DEPOSIT CHANNEL [BAOYUANPAY] BUTTON ARE CLICKED
10:12:37 | INFO     | REENTER DEPOSIT PAGE - MIN AMOUNT [100] ARE KEYED IN
10:12:39 | INFO     | PERFORM PAYMENT GATEWAY TEST - DEPOSIT METHOD [ทรูมันนี่ วอลเล็ท] BUTTON ARE CLICKED
10:12:39 | INFO     | URL AFTER DEPOSIT METHOD [ทรูมันนี่ วอลเล็ท] BUTTON CLICK: [https://www.sing55th2.com/en-th/deposit]
10:12:39 | INFO     | FOUND [1] DEPOSIT CHANNEL FOR DEPOSIT METHOD [ทรูมันนี่ วอลเล็ท]
10:12:39 | INFO     | DEPOSIT CHANNEL [BAOYUANPAY] 
10:12:41 | INFO     | PERFORM PAYMENT GATEWAY TEST - DEPOSIT CHANNEL [BAOYUANPAY] BUTTON ARE CLICKED
10:12:41 | INFO     | MONEY INPUT RANGE AMOUNT: [Enter Deposit Amount
฿ 100
 - 
฿ 20,000]
10:12:41 | INFO     | MINIMUM INPUT AMOUNT TO TEST: [100]
10:12:43 | INFO     | PERFORM PAYMENT GATEWAY TEST - MIN AMOUNT [100] ARE KEYED IN
10:12:45 | INFO     | URL JUMP CHECK - เติมเงิน/DEPOSIT TOP UP BUTTON ARE CLICKED
10:12:53 | INFO     | NO NAVIGATION HAPPENED, STAYS ON SAME PAGE [https://www.sing55th2.com/en-th/deposit]
10:12:55 | INFO     | NO MANUAL BANK TEXT FOUND:cannot access local variable 'e' where it is not associated with a value
10:12:55 | INFO     | IFRAME/POP UP APPEARED. IFRAME COUNT:0
10:13:25 | INFO     | CHECK TOAST - DEPOSIT METHOD [ทรูมันนี่ วอลเล็ท] BUTTON ARE CLICKED
10:13:25 | INFO     | CHECK TOAST - DEPOSIT CHANNEL [BAOYUANPAY] BUTTON ARE CLICKED
10:13:25 | INFO     | CHECK TOAST - MIN AMOUNT [100] ARE KEYED IN
10:13:27 | INFO     | CHECK TOAST - เติมเงิน/DEPOSIT TOP UP BUTTON ARE CLICKED
10:13:32 | INFO     | DEPOSIT METHOD:BAOYUANPAY, DEPOSIT CHANNEL:ทรูมันนี่ วอลเล็ท GOT PROBLEM. DETAILS:[Payment gateway is currently under maintenance now]
10:13:32 | INFO     | TOAST DETECTED
10:13:34 | INFO     | PERFORM PAYMENT GATEWAY TEST - DEPOSIT METHOD [คริปโต] BUTTON ARE CLICKED
10:13:34 | INFO     | URL AFTER DEPOSIT METHOD [คริปโต] BUTTON CLICK: [https://www.sing55th2.com/en-th/deposit]
10:13:34 | INFO     | FOUND [1] DEPOSIT CHANNEL FOR DEPOSIT METHOD [คริปโต]
10:13:34 | INFO     | DEPOSIT CHANNEL [FPAY-CRYPTO] 
10:13:36 | INFO     | PERFORM PAYMENT GATEWAY TEST - DEPOSIT CHANNEL [FPAY-CRYPTO] BUTTON ARE CLICKED
10:13:36 | INFO     | MONEY INPUT RANGE AMOUNT: [Enter Deposit Amount
฿ 200
 - 
฿ 150,000]
10:13:36 | INFO     | MINIMUM INPUT AMOUNT TO TEST: [200]
10:13:38 | INFO     | PERFORM PAYMENT GATEWAY TEST - MIN AMOUNT [200] ARE KEYED IN
10:13:40 | INFO     | URL JUMP CHECK - เติมเงิน/DEPOSIT TOP UP BUTTON ARE CLICKED
10:13:48 | INFO     | LOADING INTO NEW PAGE [https://portal.fpay.support/ext_info?i=74483582&t=71fb183321aad71d2d7fe0592a092d06]
10:13:59 | INFO     | NEW PAGE [https://portal.fpay.support/ext_info?i=74483582&t=71fb183321aad71d2d7fe0592a092d06] LOADED SUCCESSFULLY
10:14:04 | INFO     | NO MANUAL BANK TEXT FOUND:cannot access local variable 'e' where it is not associated with a value
10:14:04 | INFO     | SCRIPT STATUS: URL JUMP SUCCESS, PAYMENT PAGE SUCCESS LOAD
10:14:04 | INFO     | Trying to goto URL attempt 1/3: https://www.sing55th2.com/en-th/deposit
10:14:07 | INFO     | REENTER DEPOSIT PAGE - PAGE LOADED SUCCESSFULLY
10:14:08 | INFO     | REENTER DEPOSIT PAGE - DEPOSIT METHOD [คริปโต] BUTTON ARE CLICKED
10:14:10 | INFO     | REENTER DEPOSIT PAGE - DEPOSIT CHANNEL [FPAY-CRYPTO] BUTTON ARE CLICKED
10:14:12 | INFO     | REENTER DEPOSIT PAGE - MIN AMOUNT [200] ARE KEYED IN
10:14:12 | INFO     | TELEGRAM MESSAGE: [{'CYPAY_ThaiQR': ['deposit success_2025-12-10 09:11:44'], 'BAOYUANPAY_ธนาคารออนไลน์': ['deposit success_2025-12-10 09:12:29'], 'BAOYUANPAY_ทรูมันนี่ วอลเล็ท': ['deposit failed_2025-12-10 09:13:32'], 'FPAY-CRYPTO_คริปโต': ['deposit success_2025-12-10 09:14:04']}]
10:14:13 | INFO     | METHOD: [ThaiQR], CHANNEL: [CYPAY], STATUS: [deposit success], TIMESTAMP: [2025-12-10 09:11:44]
10:14:13 | INFO     | File [['SING55_ThaiQR_CYPAY_Payment_Page.png']]
10:14:13 | INFO     | METHOD: [ธนาคารออนไลน์], CHANNEL: [BAOYUANPAY], STATUS: [deposit success], TIMESTAMP: [2025-12-10 09:12:29]
10:14:13 | INFO     | File [['SING55_ธนาคารออนไลน์_BAOYUANPAY_Payment_Page.png']]
10:14:13 | INFO     | METHOD: [ทรูมันนี่ วอลเล็ท], CHANNEL: [BAOYUANPAY], STATUS: [deposit failed], TIMESTAMP: [2025-12-10 09:13:32]
10:14:13 | INFO     | File [['SING55_ทรูมันนี่ วอลเล็ท_BAOYUANPAY_Payment_Page.png']]
10:14:17 | INFO     | SCREENSHOT SUCCESSFULLY SENT
10:14:17 | INFO     | METHOD: [คริปโต], CHANNEL: [FPAY-CRYPTO], STATUS: [deposit success], TIMESTAMP: [2025-12-10 09:14:04]
10:14:17 | INFO     | File [['SING55_คริปโต_FPAY-CRYPTO_Payment_Page.png']]
10:14:17 | INFO     | TELEGRAM MESSAGE: [{'CYPAY_ThaiQR': ['deposit success_2025-12-10 09:11:44'], 'BAOYUANPAY_ธนาคารออนไลน์': ['deposit success_2025-12-10 09:12:29'], 'BAOYUANPAY_ทรูมันนี่ วอลเล็ท': ['deposit failed_2025-12-10 09:13:32'], 'FPAY-CRYPTO_คริปโต': ['deposit success_2025-12-10 09:14:04']}]
10:14:19 | INFO     | TELEGRAM_MESSAGE:{'CYPAY_ThaiQR': ['deposit success_2025-12-10 09:11:44'], 'BAOYUANPAY_ธนาคารออนไลน์': ['deposit success_2025-12-10 09:12:29'], 'BAOYUANPAY_ทรูมันนี่ วอลเล็ท': ['deposit failed_2025-12-10 09:13:32'], 'FPAY-CRYPTO_คริปโต': ['deposit success_2025-12-10 09:14:04']}
10:14:21 | INFO     | SUMMARY SENT
